#
# A fatal error has been detected by the Java Runtime Environment:
#
#  SIGSEGV (0xb) at pc=0x00007ff207bd6163, pid=5516, tid=0x00007ff2057d7700
#
# JRE version: Java(TM) SE Runtime Environment (8.0_121-b13) (build 1.8.0_121-b13)
# Java VM: Java HotSpot(TM) 64-Bit Server VM (25.121-b13 mixed mode linux-amd64 compressed oops)
# Problematic frame:
# V  [libjvm.so+0x649163]  InstanceKlass::oop_follow_contents(ParCompactionManager*, oopDesc*)+0x4b3
#
# Failed to write core dump. Core dumps have been disabled. To enable core dumping, try "ulimit -c unlimited" before starting Java again
#
# If you would like to submit a bug report, please visit:
#   http://bugreport.java.com/bugreport/crash.jsp
#

---------------  T H R E A D  ---------------

Current thread (0x00007ff20001f000):  GCTaskThread [stack: 0x00007ff2056d7000,0x00007ff2057d8000] [id=5524]

siginfo: si_signo: 11 (SIGSEGV), si_code: 1 (SEGV_MAPERR), si_addr: 0x0000000000000008

Registers:
RAX=0x00007ff20851e6c0, RBX=0x00000000df99e048, RCX=0x0000000000000003, RDX=0x0000000000000001
RSP=0x00007ff2057d6880, RBP=0x00007ff2057d68e0, RSI=0x0000000000000200, RDI=0x0000000000000000
R8 =0x00000000df99dfc4, R9 =0x0200000000000000, R10=0x0000000000000003, R11=0x00007ff20854dc60
R12=0x00007ff208551c80, R13=0x00000000df99dfc0, R14=0x0000000000000003, R15=0x00007ff200074490
RIP=0x00007ff207bd6163, EFLAGS=0x0000000000010246, CSGSFS=0x0000000000000033, ERR=0x0000000000000004
  TRAPNO=0x000000000000000e

Top of Stack: (sp=0x00007ff2057d6880)
0x00007ff2057d6880:   00000000df99dfc4 00000000df99dfb0
0x00007ff2057d6890:   00000001001f6e60 00000001001f6e68
0x00007ff2057d68a0:   00007ff20001f5e0 00007ff2000744d0
0x00007ff2057d68b0:   00007ff208551c80 00007ff20854dc60
0x00007ff2057d68c0:   00007ff200074490 0000000000000000
0x00007ff2057d68d0:   00007ff200074490 00000000df9fc370
0x00007ff2057d68e0:   00007ff2057d6a70 00007ff207f089c2
0x00007ff2057d68f0:   0000000100001940 00007ff2000744d0
0x00007ff2057d6900:   00007ff2000744a0 00007ff2057d6a20
0x00007ff2057d6910:   00007ff2057d69f0 00007ff2057d69d0
0x00007ff2057d6920:   00007ff2057d69c0 00007ff2057d69b0
0x00007ff2057d6930:   00007ff2057d69a0 00007ff2057d6990
0x00007ff2057d6940:   00007ff2000744a0 00007ff200074550
0x00007ff2057d6950:   00007ff2057d6a30 00007ff2057d6a10
0x00007ff2057d6960:   00007ff2057d6a00 00007ff2057d69f0
0x00007ff2057d6970:   00007ff2057d69e0 00007ff2057d69d0
0x00007ff2057d6980:   00007ff2000744d0 00007ff2057d6a38
0x00007ff2057d6990:   00007ff2057d6a00 00007ff2057d69f0
0x00007ff2057d69a0:   00007ff208542bb9 00007ff200074550
0x00007ff2057d69b0:   00000000dfa6ea88 0000000086db2940
0x00007ff2057d69c0:   00007ff2000744d0 00007ff2057d6a78
0x00007ff2057d69d0:   0000000000000000 0000000000000000
0x00007ff2057d69e0:   00007ff2000744d0 00007ff2057d6a98
0x00007ff2057d69f0:   00007ff2057d6a70 00007ff207eef3b0
0x00007ff2057d6a00:   0000000000000001 00007ff200074a40
0x00007ff2057d6a10:   0000000000000000 0000000000000000
0x00007ff2057d6a20:   0000000e00000000 00007ff200075f10
0x00007ff2057d6a30:   0000000f00000000 00000000df99dfb0
0x00007ff2057d6a40:   00007ff2057d6a60 00000000df98c250
0x00007ff2057d6a50:   00007ff208551c80 0000000000000000
0x00007ff2057d6a60:   00007ff200074490 00000000df9fc370
0x00007ff2057d6a70:   00007ff2057d6bb0 00007ff207eee7e5 

Instructions: (pc=0x00007ff207bd6163)
0x00007ff207bd6143:   00 e9 09 fd ff ff 0f 1f 80 00 00 00 00 48 8b 05
0x00007ff207bd6153:   31 94 92 00 8b 7b 08 8b 48 08 48 d3 e7 48 03 38
0x00007ff207bd6163:   8b 77 08 83 fe 00 0f 8f 3e fe ff ff 74 6f 48 8b
0x00007ff207bd6173:   05 38 c1 92 00 80 fa 01 48 19 d2 83 e2 04 48 63 

Register to memory mapping:

RAX=0x00007ff20851e6c0: <offset 0xf916c0> in /usr/lib/jvm/java-8-oracle/jre/lib/amd64/server/libjvm.so at 0x00007ff20758d000
RBX=0x00000000df99e048 is an oop

[error occurred during error reporting (printing register info), id 0xb]

Stack: [0x00007ff2056d7000,0x00007ff2057d8000],  sp=0x00007ff2057d6880,  free space=1022k
Native frames: (J=compiled Java code, j=interpreted, Vv=VM code, C=native code)
V  [libjvm.so+0x649163]  InstanceKlass::oop_follow_contents(ParCompactionManager*, oopDesc*)+0x4b3
V  [libjvm.so+0x97b9c2]  ParCompactionManager::follow_marking_stacks()+0x232
V  [libjvm.so+0x9617e5]  StealMarkingTask::do_it(GCTaskManager*, unsigned int)+0x2e5
V  [libjvm.so+0x5d7e7f]  GCTaskThread::run()+0x12f
V  [libjvm.so+0x926268]  java_start(Thread*)+0x108


---------------  P R O C E S S  ---------------

Java Threads: ( => current thread )
  0x00007ff2012e9000 JavaThread "pool-1-thread-1" [_thread_blocked, id=5537, stack(0x00007ff1e957f000,0x00007ff1e9680000)]
  0x00007ff2000d3000 JavaThread "Service Thread" daemon [_thread_blocked, id=5535, stack(0x00007ff1eb61a000,0x00007ff1eb71b000)]
  0x00007ff2000be000 JavaThread "C1 CompilerThread2" daemon [_thread_blocked, id=5534, stack(0x00007ff1eb71b000,0x00007ff1eb81c000)]
  0x00007ff2000bc000 JavaThread "C2 CompilerThread1" daemon [_thread_in_native, id=5533, stack(0x00007ff1eb81c000,0x00007ff1eb91d000)]
  0x00007ff2000b9000 JavaThread "C2 CompilerThread0" daemon [_thread_blocked, id=5532, stack(0x00007ff1f00d0000,0x00007ff1f01d1000)]
  0x00007ff2000b7800 JavaThread "Signal Dispatcher" daemon [_thread_blocked, id=5531, stack(0x00007ff1f01d1000,0x00007ff1f02d2000)]
  0x00007ff200084000 JavaThread "Finalizer" daemon [_thread_blocked, id=5530, stack(0x00007ff1f02d2000,0x00007ff1f03d3000)]
  0x00007ff20007f000 JavaThread "Reference Handler" daemon [_thread_blocked, id=5529, stack(0x00007ff1f03d3000,0x00007ff1f04d4000)]
  0x00007ff200009800 JavaThread "main" [_thread_blocked, id=5523, stack(0x00007ff209080000,0x00007ff209181000)]

Other Threads:
  0x00007ff200077800 VMThread [stack: 0x00007ff1f04d4000,0x00007ff1f05d5000] [id=5528]
  0x00007ff2000d5800 WatcherThread [stack: 0x00007ff1eb519000,0x00007ff1eb61a000] [id=5536]

=>0x00007ff20001f000 (exited) GCTaskThread [stack: 0x00007ff2056d7000,0x00007ff2057d8000] [id=5524]

VM state:at safepoint (normal execution)

VM Mutex/Monitor currently owned by a thread:  ([mutex/lock_event])
[0x00007ff200005f50] Threads_lock - owner thread: 0x00007ff200077800
[0x00007ff200006450] Heap_lock - owner thread: 0x00007ff200009800

Heap:
 PSYoungGen      total 130048K, used 5092K [0x00000000d7780000, 0x00000000dfb80000, 0x0000000100000000)
  eden space 124928K, 0% used [0x00000000d7780000,0x00000000d7780000,0x00000000df180000)
  from space 5120K, 99% used [0x00000000df680000,0x00000000dfb79050,0x00000000dfb80000)
  to   space 5120K, 0% used [0x00000000df180000,0x00000000df180000,0x00000000df680000)
 ParOldGen       total 83456K, used 8744K [0x0000000086600000, 0x000000008b780000, 0x00000000d7780000)
  object space 83456K, 10% used [0x0000000086600000,0x0000000086e8a208,0x000000008b780000)
 Metaspace       used 20825K, capacity 21060K, committed 21248K, reserved 1067008K
  class space    used 2872K, capacity 2965K, committed 3072K, reserved 1048576K

Card table byte_map: [0x00007ff205a61000,0x00007ff205e2f000] byte_map_base: 0x00007ff20562e000

Marking Bits: (ParMarkBitMap*) 0x00007ff208551c80
 Begin Bits: [0x00007ff1e5330000, 0x00007ff1e7198000)
 End Bits:   [0x00007ff1e7198000, 0x00007ff1e9000000)

Polling page: 0x00007ff20919e000

CodeCache: size=245760Kb used=5383Kb max_used=5424Kb free=240376Kb
 bounds [0x00007ff1f1000000, 0x00007ff1f1550000, 0x00007ff200000000]
 total_blobs=1943 nmethods=1348 adapters=509
 compilation: enabled

Compilation events (10 events):
Event: 3,296 Thread 0x00007ff2000be000 1369       2       org.codehaus.groovy.reflection.CachedClass::isAssignableFrom (21 bytes)
Event: 3,297 Thread 0x00007ff2000be000 nmethod 1369 0x00007ff1f154e5d0 code [0x00007ff1f154e740, 0x00007ff1f154e908]
Event: 3,298 Thread 0x00007ff2000be000 1370       1       java.security.PermissionCollection::isReadOnly (5 bytes)
Event: 3,298 Thread 0x00007ff2000be000 nmethod 1370 0x00007ff1f154ea10 code [0x00007ff1f154eb60, 0x00007ff1f154ec70]
Event: 3,300 Thread 0x00007ff2000be000 1371       2       java.util.regex.Pattern::sequence (553 bytes)
Event: 3,301 Thread 0x00007ff2000b9000 

Event: 3,301 Thread 0x00007ff2000b9000 1190 %     4       sun.misc.URLClassPath::getResource @ 46 (83 bytes)
Event: 3,306 Thread 0x00007ff2000be000 nmethod 1371 0x00007ff1f1546a50 code [0x00007ff1f1546d80, 0x00007ff1f1547f78]
Event: 3,339 Thread 0x00007ff2000be000 1372       2       java.io.File::<init> (113 bytes)
Event: 3,341 Thread 0x00007ff2000be000 nmethod 1372 0x00007ff1f1545e10 code [0x00007ff1f1546000, 0x00007ff1f15464b8]

GC Heap History (9 events):
Event: 0,935 GC heap before
{Heap before GC invocations=1 (full 0):
 PSYoungGen      total 36352K, used 31232K [0x00000000d7780000, 0x00000000da000000, 0x0000000100000000)
  eden space 31232K, 100% used [0x00000000d7780000,0x00000000d9600000,0x00000000d9600000)
  from space 5120K, 0% used [0x00000000d9b00000,0x00000000d9b00000,0x00000000da000000)
  to   space 5120K, 0% used [0x00000000d9600000,0x00000000d9600000,0x00000000d9b00000)
 ParOldGen       total 83456K, used 0K [0x0000000086600000, 0x000000008b780000, 0x00000000d7780000)
  object space 83456K, 0% used [0x0000000086600000,0x0000000086600000,0x000000008b780000)
 Metaspace       used 8036K, capacity 8248K, committed 8320K, reserved 1056768K
  class space    used 1060K, capacity 1152K, committed 1152K, reserved 1048576K
Event: 0,953 GC heap after
Heap after GC invocations=1 (full 0):
 PSYoungGen      total 36352K, used 4857K [0x00000000d7780000, 0x00000000dbe80000, 0x0000000100000000)
  eden space 31232K, 0% used [0x00000000d7780000,0x00000000d7780000,0x00000000d9600000)
  from space 5120K, 94% used [0x00000000d9600000,0x00000000d9abe708,0x00000000d9b00000)
  to   space 5120K, 0% used [0x00000000db980000,0x00000000db980000,0x00000000dbe80000)
 ParOldGen       total 83456K, used 8K [0x0000000086600000, 0x000000008b780000, 0x00000000d7780000)
  object space 83456K, 0% used [0x0000000086600000,0x0000000086602000,0x000000008b780000)
 Metaspace       used 8036K, capacity 8248K, committed 8320K, reserved 1056768K
  class space    used 1060K, capacity 1152K, committed 1152K, reserved 1048576K
}
Event: 1,430 GC heap before
{Heap before GC invocations=2 (full 0):
 PSYoungGen      total 36352K, used 36089K [0x00000000d7780000, 0x00000000dbe80000, 0x0000000100000000)
  eden space 31232K, 100% used [0x00000000d7780000,0x00000000d9600000,0x00000000d9600000)
  from space 5120K, 94% used [0x00000000d9600000,0x00000000d9abe708,0x00000000d9b00000)
  to   space 5120K, 0% used [0x00000000db980000,0x00000000db980000,0x00000000dbe80000)
 ParOldGen       total 83456K, used 8K [0x0000000086600000, 0x000000008b780000, 0x00000000d7780000)
  object space 83456K, 0% used [0x0000000086600000,0x0000000086602000,0x000000008b780000)
 Metaspace       used 10637K, capacity 10928K, committed 11136K, reserved 1058816K
  class space    used 1473K, capacity 1576K, committed 1664K, reserved 1048576K
Event: 1,440 GC heap after
Heap after GC invocations=2 (full 0):
 PSYoungGen      total 67584K, used 4939K [0x00000000d7780000, 0x00000000dbe80000, 0x0000000100000000)
  eden space 62464K, 0% used [0x00000000d7780000,0x00000000d7780000,0x00000000db480000)
  from space 5120K, 96% used [0x00000000db980000,0x00000000dbe52df8,0x00000000dbe80000)
  to   space 5120K, 0% used [0x00000000db480000,0x00000000db480000,0x00000000db980000)
 ParOldGen       total 83456K, used 16K [0x0000000086600000, 0x000000008b780000, 0x00000000d7780000)
  object space 83456K, 0% used [0x0000000086600000,0x0000000086604000,0x000000008b780000)
 Metaspace       used 10637K, capacity 10928K, committed 11136K, reserved 1058816K
  class space    used 1473K, capacity 1576K, committed 1664K, reserved 1048576K
}
Event: 3,034 GC heap before
{Heap before GC invocations=3 (full 0):
 PSYoungGen      total 67584K, used 67403K [0x00000000d7780000, 0x00000000dbe80000, 0x0000000100000000)
  eden space 62464K, 100% used [0x00000000d7780000,0x00000000db480000,0x00000000db480000)
  from space 5120K, 96% used [0x00000000db980000,0x00000000dbe52df8,0x00000000dbe80000)
  to   space 5120K, 0% used [0x00000000db480000,0x00000000db480000,0x00000000db980000)
 ParOldGen       total 83456K, used 16K [0x0000000086600000, 0x000000008b780000, 0x00000000d7780000)
  object space 83456K, 0% used [0x0000000086600000,0x0000000086604000,0x000000008b780000)
 Metaspace       used 19937K, capacity 20162K, committed 20480K, reserved 1067008K
  class space    used 2721K, capacity 2796K, committed 2816K, reserved 1048576K
Event: 3,063 GC heap after
Heap after GC invocations=3 (full 0):
 PSYoungGen      total 67584K, used 5088K [0x00000000d7780000, 0x00000000dfb80000, 0x0000000100000000)
  eden space 62464K, 0% used [0x00000000d7780000,0x00000000d7780000,0x00000000db480000)
  from space 5120K, 99% used [0x00000000db480000,0x00000000db978030,0x00000000db980000)
  to   space 5120K, 0% used [0x00000000df680000,0x00000000df680000,0x00000000dfb80000)
 ParOldGen       total 83456K, used 7581K [0x0000000086600000, 0x000000008b780000, 0x00000000d7780000)
  object space 83456K, 9% used [0x0000000086600000,0x0000000086d676f0,0x000000008b780000)
 Metaspace       used 19937K, capacity 20162K, committed 20480K, reserved 1067008K
  class space    used 2721K, capacity 2796K, committed 2816K, reserved 1048576K
}
Event: 3,357 GC heap before
{Heap before GC invocations=4 (full 0):
 PSYoungGen      total 67584K, used 17414K [0x00000000d7780000, 0x00000000dfb80000, 0x0000000100000000)
  eden space 62464K, 19% used [0x00000000d7780000,0x00000000d8389998,0x00000000db480000)
  from space 5120K, 99% used [0x00000000db480000,0x00000000db978030,0x00000000db980000)
  to   space 5120K, 0% used [0x00000000df680000,0x00000000df680000,0x00000000dfb80000)
 ParOldGen       total 83456K, used 7581K [0x0000000086600000, 0x000000008b780000, 0x00000000d7780000)
  object space 83456K, 9% used [0x0000000086600000,0x0000000086d676f0,0x000000008b780000)
 Metaspace       used 20825K, capacity 21060K, committed 21248K, reserved 1067008K
  class space    used 2872K, capacity 2965K, committed 3072K, reserved 1048576K
Event: 3,373 GC heap after
Heap after GC invocations=4 (full 0):
 PSYoungGen      total 130048K, used 5092K [0x00000000d7780000, 0x00000000dfb80000, 0x0000000100000000)
  eden space 124928K, 0% used [0x00000000d7780000,0x00000000d7780000,0x00000000df180000)
  from space 5120K, 99% used [0x00000000df680000,0x00000000dfb79050,0x00000000dfb80000)
  to   space 5120K, 0% used [0x00000000df180000,0x00000000df180000,0x00000000df680000)
 ParOldGen       total 83456K, used 8744K [0x0000000086600000, 0x000000008b780000, 0x00000000d7780000)
  object space 83456K, 10% used [0x0000000086600000,0x0000000086e8a208,0x000000008b780000)
 Metaspace       used 20825K, capacity 21060K, committed 21248K, reserved 1067008K
  class space    used 2872K, capacity 2965K, committed 3072K, reserved 1048576K
}
Event: 3,373 GC heap before
{Heap before GC invocations=5 (full 1):
 PSYoungGen      total 130048K, used 5092K [0x00000000d7780000, 0x00000000dfb80000, 0x0000000100000000)
  eden space 124928K, 0% used [0x00000000d7780000,0x00000000d7780000,0x00000000df180000)
  from space 5120K, 99% used [0x00000000df680000,0x00000000dfb79050,0x00000000dfb80000)
  to   space 5120K, 0% used [0x00000000df180000,0x00000000df180000,0x00000000df680000)
 ParOldGen       total 83456K, used 8744K [0x0000000086600000, 0x000000008b780000, 0x00000000d7780000)
  object space 83456K, 10% used [0x0000000086600000,0x0000000086e8a208,0x000000008b780000)
 Metaspace       used 20825K, capacity 21060K, committed 21248K, reserved 1067008K
  class space    used 2872K, capacity 2965K, committed 3072K, reserved 1048576K

Deoptimization events (10 events):
Event: 2,568 Thread 0x00007ff200009800 Uncommon trap: reason=unstable_if action=reinterpret pc=0x00007ff1f122b30c method=java.util.HashMap.hash(Ljava/lang/Object;)I @ 1
Event: 2,690 Thread 0x00007ff200009800 Uncommon trap: reason=unstable_if action=reinterpret pc=0x00007ff1f12257e0 method=java.util.HashMap.getNode(ILjava/lang/Object;)Ljava/util/HashMap$Node; @ 53
Event: 2,690 Thread 0x00007ff200009800 Uncommon trap: reason=unstable_if action=reinterpret pc=0x00007ff1f127b778 method=java.util.HashMap.hash(Ljava/lang/Object;)I @ 1
Event: 2,690 Thread 0x00007ff200009800 Uncommon trap: reason=unstable_if action=reinterpret pc=0x00007ff1f1247848 method=java.util.HashMap.putVal(ILjava/lang/Object;Ljava/lang/Object;ZZ)Ljava/lang/Object; @ 85
Event: 2,727 Thread 0x00007ff200009800 Uncommon trap: reason=class_check action=maybe_recompile pc=0x00007ff1f130ce44 method=java.lang.reflect.Method.equals(Ljava/lang/Object;)Z @ 5
Event: 2,734 Thread 0x00007ff200009800 Uncommon trap: reason=class_check action=maybe_recompile pc=0x00007ff1f130ce44 method=java.lang.reflect.Method.equals(Ljava/lang/Object;)Z @ 5
Event: 2,896 Thread 0x00007ff200009800 Uncommon trap: reason=unstable_if action=reinterpret pc=0x00007ff1f129cbb4 method=java.util.LinkedHashMap.afterNodeInsertion(Z)V @ 1
Event: 2,947 Thread 0x00007ff200009800 Uncommon trap: reason=class_check action=maybe_recompile pc=0x00007ff1f130ce44 method=java.lang.reflect.Method.equals(Ljava/lang/Object;)Z @ 5
Event: 2,947 Thread 0x00007ff200009800 Uncommon trap: reason=class_check action=maybe_recompile pc=0x00007ff1f130ce44 method=java.lang.reflect.Method.equals(Ljava/lang/Object;)Z @ 5
Event: 3,175 Thread 0x00007ff200009800 Uncommon trap: reason=class_check action=maybe_recompile pc=0x00007ff1f130b928 method=sun.misc.URLClassPath.getLoader(I)Lsun/misc/URLClassPath$Loader; @ 94

Internal exceptions (10 events):
Event: 3,182 Thread 0x00007ff200009800 Exception <a 'java/lang/ClassNotFoundException': org/gradle/api/internal/project/ProjectScriptCustomizer> (0x00000000d7bdf1e8) thrown at [/HUDSON3/workspace/8-2-build-linux-amd64/jdk8u121/8372/hotspot/src/share/vm/classfile/systemDictionary.cpp, line 210]
Event: 3,192 Thread 0x00007ff200009800 Exception <a 'java/lang/ClassNotFoundException': build_az3iprdbar6th5bmf6mmq7nixCustomizer> (0x00000000d7bfc918) thrown at [/HUDSON3/workspace/8-2-build-linux-amd64/jdk8u121/8372/hotspot/src/share/vm/classfile/systemDictionary.cpp, line 210]
Event: 3,206 Thread 0x00007ff200009800 Exception <a 'java/lang/ClassNotFoundException': groovy/lang/Closure$1BeanInfo> (0x00000000d7c449f0) thrown at [/HUDSON3/workspace/8-2-build-linux-amd64/jdk8u121/8372/hotspot/src/share/vm/classfile/systemDictionary.cpp, line 210]
Event: 3,207 Thread 0x00007ff200009800 Exception <a 'java/lang/ClassNotFoundException': groovy/lang/ClosureBeanInfo> (0x00000000d7c58670) thrown at [/HUDSON3/workspace/8-2-build-linux-amd64/jdk8u121/8372/hotspot/src/share/vm/classfile/systemDictionary.cpp, line 210]
Event: 3,208 Thread 0x00007ff200009800 Exception <a 'java/lang/ClassNotFoundException': groovy/lang/ClosureCustomizer> (0x00000000d7c6ca98) thrown at [/HUDSON3/workspace/8-2-build-linux-amd64/jdk8u121/8372/hotspot/src/share/vm/classfile/systemDictionary.cpp, line 210]
Event: 3,212 Thread 0x00007ff200009800 Exception <a 'java/lang/ClassNotFoundException': groovy/lang/Closure$1Customizer> (0x00000000d7ca9f38) thrown at [/HUDSON3/workspace/8-2-build-linux-amd64/jdk8u121/8372/hotspot/src/share/vm/classfile/systemDictionary.cpp, line 210]
Event: 3,283 Thread 0x00007ff200009800 Exception <a 'java/lang/ClassNotFoundException': org/gradle/internal/metaobject/ConfigureDelegateBeanInfo> (0x00000000d7e80e38) thrown at [/HUDSON3/workspace/8-2-build-linux-amd64/jdk8u121/8372/hotspot/src/share/vm/classfile/systemDictionary.cpp, line 210
Event: 3,284 Thread 0x00007ff200009800 Exception <a 'java/lang/ClassNotFoundException': org/gradle/internal/metaobject/ConfigureDelegateCustomizer> (0x00000000d7e9e938) thrown at [/HUDSON3/workspace/8-2-build-linux-amd64/jdk8u121/8372/hotspot/src/share/vm/classfile/systemDictionary.cpp, line 2
Event: 3,293 Thread 0x00007ff200009800 Exception <a 'java/lang/ClassNotFoundException': org/gradle/api/internal/initialization/DefaultScriptHandlerBeanInfo> (0x00000000d7ef3a98) thrown at [/HUDSON3/workspace/8-2-build-linux-amd64/jdk8u121/8372/hotspot/src/share/vm/classfile/systemDictionary.cp
Event: 3,293 Thread 0x00007ff200009800 Exception <a 'java/lang/ClassNotFoundException': org/gradle/api/internal/initialization/DefaultScriptHandlerCustomizer> (0x00000000d7f17530) thrown at [/HUDSON3/workspace/8-2-build-linux-amd64/jdk8u121/8372/hotspot/src/share/vm/classfile/systemDictionary.

Events (10 events):
Event: 3,351 loading class org/codehaus/plexus/util/xml/XmlStreamWriter done
Event: 3,352 loading class org/apache/maven/settings/validation/DefaultSettingsValidator
Event: 3,352 loading class org/apache/maven/settings/validation/DefaultSettingsValidator done
Event: 3,353 loading class org/apache/maven/settings/building/DefaultSettingsBuildingRequest
Event: 3,353 loading class org/apache/maven/settings/building/DefaultSettingsBuildingRequest done
Event: 3,354 loading class org/apache/maven/settings/building/DefaultSettingsProblemCollector
Event: 3,354 loading class org/apache/maven/settings/building/DefaultSettingsProblemCollector done
Event: 3,355 loading class org/apache/maven/settings/Settings
Event: 3,355 loading class org/apache/maven/settings/Settings done
Event: 3,356 Executing VM operation: CollectForMetadataAllocation


Dynamic libraries:
00400000-00401000 r-xp 00000000 08:07 538586                             /usr/lib/jvm/java-8-oracle/bin/java
00600000-00601000 rw-p 00000000 08:07 538586                             /usr/lib/jvm/java-8-oracle/bin/java
016da000-016fb000 rw-p 00000000 00:00 0                                  [heap]
86600000-8b780000 rw-p 00000000 00:00 0 
8b780000-d7780000 ---p 00000000 00:00 0 
d7780000-dfb80000 rw-p 00000000 00:00 0 
dfb80000-100000000 ---p 00000000 00:00 0 
100000000-100300000 rw-p 00000000 00:00 0 
100300000-140000000 ---p 00000000 00:00 0 
7ff1a8000000-7ff1a8021000 rw-p 00000000 00:00 0 
7ff1a8021000-7ff1ac000000 ---p 00000000 00:00 0 
7ff1b0000000-7ff1b0021000 rw-p 00000000 00:00 0 
7ff1b0021000-7ff1b4000000 ---p 00000000 00:00 0 
7ff1b4000000-7ff1b4021000 rw-p 00000000 00:00 0 
7ff1b4021000-7ff1b8000000 ---p 00000000 00:00 0 
7ff1b8000000-7ff1b9d41000 rw-p 00000000 00:00 0 
7ff1b9d41000-7ff1bc000000 ---p 00000000 00:00 0 
7ff1bc000000-7ff1bca4a000 rw-p 00000000 00:00 0 
7ff1bca4a000-7ff1c0000000 ---p 00000000 00:00 0 
7ff1c0000000-7ff1c0021000 rw-p 00000000 00:00 0 
7ff1c0021000-7ff1c4000000 ---p 00000000 00:00 0 
7ff1c4000000-7ff1c5583000 rw-p 00000000 00:00 0 
7ff1c5583000-7ff1c8000000 ---p 00000000 00:00 0 
7ff1c8000000-7ff1c8021000 rw-p 00000000 00:00 0 
7ff1c8021000-7ff1cc000000 ---p 00000000 00:00 0 
7ff1cc000000-7ff1cc021000 rw-p 00000000 00:00 0 
7ff1cc021000-7ff1d0000000 ---p 00000000 00:00 0 
7ff1d0000000-7ff1d0021000 rw-p 00000000 00:00 0 
7ff1d0021000-7ff1d4000000 ---p 00000000 00:00 0 
7ff1d4000000-7ff1d4021000 rw-p 00000000 00:00 0 
7ff1d4021000-7ff1d8000000 ---p 00000000 00:00 0 
7ff1d8000000-7ff1d8021000 rw-p 00000000 00:00 0 
7ff1d8021000-7ff1dc000000 ---p 00000000 00:00 0 
7ff1e0000000-7ff1e02a6000 rw-p 00000000 00:00 0 
7ff1e02a6000-7ff1e4000000 ---p 00000000 00:00 0 
7ff1e5330000-7ff1e9000000 rw-p 00000000 00:00 0 
7ff1e917e000-7ff1e933f000 rw-p 00000000 00:00 0 
7ff1e933f000-7ff1e937f000 ---p 00000000 00:00 0 
7ff1e937f000-7ff1e957f000 rw-p 00000000 00:00 0 
7ff1e957f000-7ff1e9582000 ---p 00000000 00:00 0 
7ff1e9582000-7ff1e9880000 rw-p 00000000 00:00 0 
7ff1e9880000-7ff1e9a80000 rw-p 00000000 00:00 0 
7ff1e9a80000-7ff1e9afa000 r--s 010f6000 08:07 536996                     /usr/lib/jvm/java-8-oracle/lib/tools.jar
7ff1e9afa000-7ff1e9cfa000 rw-p 00000000 00:00 0 
7ff1e9cfa000-7ff1e9cfc000 r--s 00007000 08:07 3700491                    /home/maulana/.gradle/wrapper/dists/gradle-2.14.1-all/8bnwg5hd3w55iofp58khbp6yv/gradle-2.14.1/lib/plugins/gradle-tooling-api-builders-2.14.1.jar
7ff1e9cfc000-7ff1e9cff000 r--s 00008000 08:07 3700484                    /home/maulana/.gradle/wrapper/dists/gradle-2.14.1-all/8bnwg5hd3w55iofp58khbp6yv/gradle-2.14.1/lib/plugins/gradle-testing-native-2.14.1.jar
7ff1e9cff000-7ff1e9d01000 r--s 00009000 08:07 3700563                    /home/maulana/.gradle/wrapper/dists/gradle-2.14.1-all/8bnwg5hd3w55iofp58khbp6yv/gradle-2.14.1/lib/plugins/hamcrest-core-1.3.jar
7ff1e9d01000-7ff1e9d07000 r--s 00033000 08:07 3700557                    /home/maulana/.gradle/wrapper/dists/gradle-2.14.1-all/8bnwg5hd3w55iofp58khbp6yv/gradle-2.14.1/lib/plugins/snakeyaml-1.6.jar
7ff1e9d07000-7ff1e9d09000 r--s 00006000 08:07 3700556                    /home/maulana/.gradle/wrapper/dists/gradle-2.14.1-all/8bnwg5hd3w55iofp58khbp6yv/gradle-2.14.1/lib/plugins/jcommander-1.12.jar
7ff1e9d09000-7ff1e9d0e000 r--s 00040000 08:07 3700555                    /home/maulana/.gradle/wrapper/dists/gradle-2.14.1-all/8bnwg5hd3w55iofp58khbp6yv/gradle-2.14.1/lib/plugins/bsh-2.0b4.jar
7ff1e9d0e000-7ff1e9d17000 r--s 00089000 08:07 3700514                    /home/maulana/.gradle/wrapper/dists/gradle-2.14.1-all/8bnwg5hd3w55iofp58khbp6yv/gradle-2.14.1/lib/plugins/testng-6.3.1.jar
7ff1e9d17000-7ff1e9d1f000 r--s 00045000 08:07 3700513                    /home/maulana/.gradle/wrapper/dists/gradle-2.14.1-all/8bnwg5hd3w55iofp58khbp6yv/gradle-2.14.1/lib/plugins/junit-4.12.jar
7ff1e9d1f000-7ff1e9d25000 r--s 0002e000 08:07 3700485                    /home/maulana/.gradle/wrapper/dists/gradle-2.14.1-all/8bnwg5hd3w55iofp58khbp6yv/gradle-2.14.1/lib/plugins/gradle-testing-jvm-2.14.1.jar
7ff1e9d25000-7ff1e9d2a000 r--s 00015000 08:07 3700483                    /home/maulana/.gradle/wrapper/dists/gradle-2.14.1-all/8bnwg5hd3w55iofp58khbp6yv/gradle-2.14.1/lib/plugins/gradle-testing-base-2.14.1.jar
7ff1e9d2a000-7ff1e9d2b000 r--s 00002000 08:07 3700507                    /home/maulana/.gradle/wrapper/dists/gradle-2.14.1-all/8bnwg5hd3w55iofp58khbp6yv/gradle-2.14.1/lib/plugins/sonar-batch-bootstrapper-2.9.jar
7ff1e9d2b000-7ff1e9d2e000 r--s 00015000 08:07 3700461                    /home/maulana/.gradle/wrapper/dists/gradle-2.14.1-all/8bnwg5hd3w55iofp58khbp6yv/gradle-2.14.1/lib/plugins/gradle-sonar-2.14.1.jar
7ff1e9d2e000-7ff1e9d35000 r--s 00038000 08:07 3700508                    /home/maulana/.gradle/wrapper/dists/gradle-2.14.1-all/8bnwg5hd3w55iofp58khbp6yv/gradle-2.14.1/lib/plugins/bcpg-jdk15on-1.51.jar
7ff1e9d35000-7ff1e9d37000 r--s 0000d000 08:07 3700462                    /home/maulana/.gradle/wrapper/dists/gradle-2.14.1-all/8bnwg5hd3w55iofp58khbp6yv/gradle-2.14.1/lib/plugins/gradle-signing-2.14.1.jar
7ff1e9d37000-7ff1e9d3a000 r--s 00009000 08:07 3700460                    /home/maulana/.gradle/wrapper/dists/gradle-2.14.1-all/8bnwg5hd3w55iofp58khbp6yv/gradle-2.14.1/lib/plugins/gradle-scala-2.14.1.jar
7ff1e9d3a000-7ff1e9d3b000 r--s 00004000 08:07 3700489                    /home/maulana/.gradle/wrapper/dists/gradle-2.14.1-all/8bnwg5hd3w55iofp58khbp6yv/gradle-2.14.1/lib/plugins/gradle-resources-sftp-2.14.1.jar
7ff1e9d3b000-7ff1e9d4b000 r--s 00088000 08:07 3700524                    /home/maulana/.gradle/wrapper/dists/gradle-2.14.1-all/8bnwg5hd3w55iofp58khbp6yv/gradle-2.14.1/lib/plugins/joda-time-2.8.2.jar
7ff1e9d4b000-7ff1e9d5c000 r--s 000cf000 08:07 3700523                    /home/maulana/.gradle/wrapper/dists/gradle-2.14.1-all/8bnwg5hd3w55iofp58khbp6yv/gradle-2.14.1/lib/plugins/jackson-databind-2.3.2.jar
7ff1e9d5c000-7ff1e9d5e000 r--s 00007000 08:07 3700522                    /home/maulana/.gradle/wrapper/dists/gradle-2.14.1-all/8bnwg5hd3w55iofp58khbp6yv/gradle-2.14.1/lib/plugins/jackson-annotations-2.3.2.jar
7ff1e9d5e000-7ff1e9d61000 r--s 0002e000 08:07 3700521                    /home/maulana/.gradle/wrapper/dists/gradle-2.14.1-all/8bnwg5hd3w55iofp58khbp6yv/gradle-2.14.1/lib/plugins/jackson-core-2.3.2.jar
7ff1e9d61000-7ff1e9d6c000 r--s 0006b000 08:07 3700520                    /home/maulana/.gradle/wrapper/dists/gradle-2.14.1-all/8bnwg5hd3w55iofp58khbp6yv/gradle-2.14.1/lib/plugins/aws-java-sdk-core-1.9.19.jar
7ff1e9d6c000-7ff1e9d72000 r--s 00036000 08:07 3700519                    /home/maulana/.gradle/wrapper/dists/gradle-2.14.1-all/8bnwg5hd3w55iofp58khbp6yv/gradle-2.14.1/lib/plugins/aws-java-sdk-kms-1.9.19.jar
7ff1e9d72000-7ff1e9d7d000 r--s 00079000 08:07 3700518                    /home/maulana/.gradle/wrapper/dists/gradle-2.14.1-all/8bnwg5hd3w55iofp58khbp6yv/gradle-2.14.1/lib/plugins/aws-java-sdk-s3-1.9.19.jar
7ff1e9d7d000-7ff1e9d7e000 r--s 00003000 08:07 3700490                    /home/maulana/.gradle/wrapper/dists/gradle-2.14.1-all/8bnwg5hd3w55iofp58khbp6yv/gradle-2.14.1/lib/plugins/gradle-resources-s3-2.14.1.jar
7ff1e9d7e000-7ff1e9d80000 r--s 00005000 08:07 3700512                    /home/maulana/.gradle/wrapper/dists/gradle-2.14.1-all/8bnwg5hd3w55iofp58khbp6yv/gradle-2.14.1/lib/plugins/jatl-0.2.2.jar
7ff1e9d80000-7ff1e9d82000 r--s 0000f000 08:07 3700467                    /home/maulana/.gradle/wrapper/dists/gradle-2.14.1-all/8bnwg5hd3w55iofp58khbp6yv/gradle-2.14.1/lib/plugins/gradle-reporting-2.14.1.jar
7ff1e9d82000-7ff1e9d84000 r--s 00002000 08:07 3700468                    /home/maulana/.gradle/wrapper/dists/gradle-2.14.1-all/8bnwg5hd3w55iofp58khbp6yv/gradle-2.14.1/lib/plugins/gradle-publish-2.14.1.jar
7ff1e9d84000-7ff1e9d86000 r--s 00009000 08:07 3700494                    /home/maulana/.gradle/wrapper/dists/gradle-2.14.1-all/8bnwg5hd3w55iofp58khbp6yv/gradle-2.14.1/lib/plugins/commons-cli-1.2.jar
7ff1e9d86000-7ff1e9d8c000 r--s 00033000 08:07 3700452                    /home/maulana/.gradle/wrapper/dists/gradle-2.14.1-all/8bnwg5hd3w55iofp58khbp6yv/gradle-2.14.1/lib/plugins/gradle-plugins-2.14.1.jar
7ff1e9d8c000-7ff1e9d8e000 r--s 00007000 08:07 3700486                    /home/maulana/.gradle/wrapper/dists/gradle-2.14.1-all/8bnwg5hd3w55iofp58khbp6yv/gradle-2.14.1/lib/plugins/gradle-plugin-development-2.14.1.jar
7ff1e9d8e000-7ff1e9d94000 r--s 0002a000 08:07 3700479                    /home/maulana/.gradle/wrapper/dists/gradle-2.14.1-all/8bnwg5hd3w55iofp58khbp6yv/gradle-2.14.1/lib/plugins/gradle-platform-play-2.14.1.jar
7ff1e9d94000-7ff1e9da1000 r--s 0004d000 08:07 3700478                    /home/maulana/.gradle/wrapper/dists/gradle-2.14.1-all/8bnwg5hd3w55iofp58khbp6yv/gradle-2.14.1/lib/plugins/gradle-platform-native-2.14.1.jar
7ff1e9da1000-7ff1e9da5000 r--s 0001a000 08:07 3700473                    /home/maulana/.gradle/wrapper/dists/gradle-2.14.1-all/8bnwg5hd3w55iofp58khbp6yv/gradle-2.14.1/lib/plugins/gradle-platform-jvm-2.14.1.jar
7ff1e9da5000-7ff1e9dac000 r--s 00029000 08:07 3700472                    /home/maulana/.gradle/wrapper/dists/gradle-2.14.1-all/8bnwg5hd3w55iofp58khbp6yv/gradle-2.14.1/lib/plugins/gradle-platform-base-2.14.1.jar
7ff1e9dac000-7ff1e9dcd000 r--s 001c3000 08:07 3700502                    /home/maulana/.gradle/wrapper/dists/gradle-2.14.1-all/8bnwg5hd3w55iofp58khbp6yv/gradle-2.14.1/lib/plugins/bndlib-2.4.0.jar
7ff1e9dcd000-7ff1e9dcf000 r--s 00003000 08:07 3700456                    /home/maulana/.gradle/wrapper/dists/gradle-2.14.1-all/8bnwg5hd3w55iofp58khbp6yv/gradle-2.14.1/lib/plugins/gradle-osgi-2.14.1.jar
7ff1e9dcf000-7ff1e9dd2000 r--s 0000c000 08:07 3700505                    /home/maulana/.gradle/wrapper/dists/gradle-2.14.1-all/8bnwg5hd3w55iofp58khbp6yv/gradle-2.14.1/lib/plugins/pmaven-groovy-0.8-20100325.jar
7ff1e9dd2000-7ff1e9dd3000 r--s 00004000 08:07 3700504                    /home/maulana/.gradle/wrapper/dists/gradle-2.14.1-all/8bnwg5hd3w55iofp58khbp6yv/gradle-2.14.1/lib/plugins/pmaven-common-0.8-20100325.jar
7ff1e9dd3000-7ff1e9dd9000 r--s 00022000 08:07 3700457                    /home/maulana/.gradle/wrapper/dists/gradle-2.14.1-all/8bnwg5hd3w55iofp58khbp6yv/gradle-2.14.1/lib/plugins/gradle-maven-2.14.1.jar
7ff1e9dd9000-7ff1e9ddb000 r--s 0000a000 08:07 3700477                    /home/maulana/.gradle/wrapper/dists/gradle-2.14.1-all/8bnwg5hd3w55iofp58khbp6yv/gradle-2.14.1/lib/plugins/gradle-language-scala-2.14.1.jar
7ff1e9ddb000-7ff1e9de1000 r--s 0001a000 08:07 3700481                    /home/maulana/.gradle/wrapper/dists/gradle-2.14.1-all/8bnwg5hd3w55iofp58khbp6yv/gradle-2.14.1/lib/plugins/gradle-language-native-2.14.1.jar
7ff1e9de1000-7ff1e9de3000 r--s 00008000 08:07 3700474                    /home/maulana/.gradle/wrapper/dists/gradle-2.14.1-all/8bnwg5hd3w55iofp58khbp6yv/gradle-2.14.1/lib/plugins/gradle-language-jvm-2.14.1.jar
7ff1e9de3000-7ff1e9de9000 r--s 00024000 08:07 3700475                    /home/maulana/.gradle/wrapper/dists/gradle-2.14.1-all/8bnwg5hd3w55iofp58khbp6yv/gradle-2.14.1/lib/plugins/gradle-language-java-2.14.1.jar
7ff1e9de9000-7ff1e9deb000 r--s 0000a000 08:07 3700476                    /home/maulana/.gradle/wrapper/dists/gradle-2.14.1-all/8bnwg5hd3w55iofp58khbp6yv/gradle-2.14.1/lib/plugins/gradle-language-groovy-2.14.1.jar
7ff1e9deb000-7ff1e9dee000 r--s 0001e000 08:07 3700530                    /home/maulana/.gradle/wrapper/dists/gradle-2.14.1-all/8bnwg5hd3w55iofp58khbp6yv/gradle-2.14.1/lib/plugins/jsp-api-2.1-6.1.14.jar
7ff1e9dee000-7ff1e9e11000 r--s 00344000 08:07 3700529                    /home/maulana/.gradle/wrapper/dists/gradle-2.14.1-all/8bnwg5hd3w55iofp58khbp6yv/gradle-2.14.1/lib/plugins/core-3.1.1.jar
7ff1e9e11000-7ff1e9e12000 r--s 00006000 08:07 3700528                    /home/maulana/.gradle/wrapper/dists/gradle-2.14.1-all/8bnwg5hd3w55iofp58khbp6yv/gradle-2.14.1/lib/plugins/jetty-naming-6.1.25.jar
7ff1e9e12000-7ff1e9e13000 r--s 00002000 08:07 3700501                    /home/maulana/.gradle/wrapper/dists/gradle-2.14.1-all/8bnwg5hd3w55iofp58khbp6yv/gradle-2.14.1/lib/plugins/geronimo-annotation_1.0_spec-1.0.jar
7ff1e9e13000-7ff1e9e15000 r--s 00002000 08:07 3700500                    /home/maulana/.gradle/wrapper/dists/gradle-2.14.1-all/8bnwg5hd3w55iofp58khbp6yv/gradle-2.14.1/lib/plugins/jetty-annotations-6.1.25.jar
7ff1e9e15000-7ff1e9e26000 r--s 000ea000 08:07 3700499                    /home/maulana/.gradle/wrapper/dists/gradle-2.14.1-all/8bnwg5hd3w55iofp58khbp6yv/gradle-2.14.1/lib/plugins/jsp-2.1-6.1.14.jar
7ff1e9e26000-7ff1e9e28000 r--s 0000d000 08:07 3700498                    /home/maulana/.gradle/wrapper/dists/gradle-2.14.1-all/8bnwg5hd3w55iofp58khbp6yv/gradle-2.14.1/lib/plugins/jetty-plus-6.1.25.jar
7ff1e9e28000-7ff1e9e2a000 r--s 0001f000 08:07 3700497                    /home/maulana/.gradle/wrapper/dists/gradle-2.14.1-all/8bnwg5hd3w55iofp58khbp6yv/gradle-2.14.1/lib/plugins/servlet-api-2.5-20081211.jar
7ff1e9e2a000-7ff1e9e2e000 r--s 00028000 08:07 3700496                    /home/maulana/.gradle/wrapper/dists/gradle-2.14.1-all/8bnwg5hd3w55iofp58khbp6yv/gradle-2.14.1/lib/plugins/jetty-util-6.1.25.jar
7ff1e9e2e000-7ff1e9e35000 r--s 0007d000 08:07 3700495                    /home/maulana/.gradle/wrapper/dists/gradle-2.14.1-all/8bnwg5hd3w55iofp58khbp6yv/gradle-2.14.1/lib/plugins/jetty-6.1.25.jar
7ff1e9e35000-7ff1e9e37000 r--s 00009000 08:07 3700454                    /home/maulana/.gradle/wrapper/dists/gradle-2.14.1-all/8bnwg5hd3w55iofp58khbp6yv/gradle-2.14.1/lib/plugins/gradle-jetty-2.14.1.jar
7ff1e9e37000-7ff1e9e3e000 r--s 00035000 08:07 3700511                    /home/maulana/.gradle/wrapper/dists/gradle-2.14.1-all/8bnwg5hd3w55iofp58khbp6yv/gradle-2.14.1/lib/plugins/simple-4.1.21.jar
7ff1e9e3e000-7ff1e9e4a000 r--s 00100000 08:07 3700509                    /home/maulana/.gradle/wrapper/dists/gradle-2.14.1-all/8bnwg5hd3w55iofp58khbp6yv/gradle-2.14.1/lib/plugins/rhino-1.7R3.jar
7ff1e9e4a000-7ff1e9e4e000 r--s 00011000 08:07 3700464                    /home/maulana/.gradle/wrapper/dists/gradle-2.14.1-all/8bnwg5hd3w55iofp58khbp6yv/gradle-2.14.1/lib/plugins/gradle-javascript-2.14.1.jar
7ff1e9e4e000-7ff1e9e50000 r--s 0000c000 08:07 3700470                    /home/maulana/.gradle/wrapper/dists/gradle-2.14.1-all/8bnwg5hd3w55iofp58khbp6yv/gradle-2.14.1/lib/plugins/gradle-jacoco-2.14.1.jar
7ff1e9e50000-7ff1e9e53000 r--s 0000e000 08:07 3700469                    /home/maulana/.gradle/wrapper/dists/gradle-2.14.1-all/8bnwg5hd3w55iofp58khbp6yv/gradle-2.14.1/lib/plugins/gradle-ivy-2.14.1.jar
7ff1e9e53000-7ff1e9e54000 r--s 00002000 08:07 3700480                    /home/maulana/.gradle/wrapper/dists/gradle-2.14.1-all/8bnwg5hd3w55iofp58khbp6yv/gradle-2.14.1/lib/plugins/gradle-ide-play-2.14.1.jar
7ff1e9e54000-7ff1e9e59000 r--s 0002b000 08:07 3700482                    /home/maulana/.gradle/wrapper/dists/gradle-2.14.1-all/8bnwg5hd3w55iofp58khbp6yv/gradle-2.14.1/lib/plugins/gradle-ide-native-2.14.1.jar
7ff1e9e59000-7ff1e9e64000 r--s 00066000 08:07 3700458                    /home/maulana/.gradle/wrapper/dists/gradle-2.14.1-all/8bnwg5hd3w55iofp58khbp6yv/gradle-2.14.1/lib/plugins/gradle-ide-2.14.1.jar
7ff1e9e64000-7ff1e9e65000 r--s 00008000 08:07 3700463                    /home/maulana/.gradle/wrapper/dists/gradle-2.14.1-all/8bnwg5hd3w55iofp58khbp6yv/gradle-2.14.1/lib/plugins/gradle-ear-2.14.1.jar
7ff1e9e65000-7ff1e9e6b000 r--s 00032000 08:07 3700466                    /home/maulana/.gradle/wrapper/dists/gradle-2.14.1-all/8bnwg5hd3w55iofp58khbp6yv/gradle-2.14.1/lib/plugins/gradle-diagnostics-2.14.1.jar
7ff1e9e6b000-7ff1e9e6f000 r--s 00021000 08:07 3700453                    /home/maulana/.gradle/wrapper/dists/gradle-2.14.1-all/8bnwg5hd3w55iofp58khbp6yv/gradle-2.14.1/lib/plugins/gradle-code-quality-2.14.1.jar
7ff1e9e6f000-7ff1e9e73000 r--s 0001f000 08:07 3700471                    /home/maulana/.gradle/wrapper/dists/gradle-2.14.1-all/8bnwg5hd3w55iofp58khbp6yv/gradle-2.14.1/lib/plugins/gradle-build-init-2.14.1.jar
7ff1e9e73000-7ff1e9e7a000 r--s 0008e000 08:07 3700465                    /home/maulana/.gradle/wrapper/dists/gradle-2.14.1-all/8bnwg5hd3w55iofp58khbp6yv/gradle-2.14.1/lib/plugins/gradle-build-comparison-2.14.1.jar
7ff1e9e7a000-7ff1e9e7c000 r--s 00008000 08:07 3700455                    /home/maulana/.gradle/wrapper/dists/gradle-2.14.1-all/8bnwg5hd3w55iofp58khbp6yv/gradle-2.14.1/lib/plugins/gradle-antlr-2.14.1.jar
7ff1e9e7c000-7ff1e9e7e000 r--s 00004000 08:07 3700459                    /home/maulana/.gradle/wrapper/dists/gradle-2.14.1-all/8bnwg5hd3w55iofp58khbp6yv/gradle-2.14.1/lib/plugins/gradle-announce-2.14.1.jar
7ff1e9e7e000-7ff1e9e96000 r--s 00115000 08:07 3700560                    /home/maulana/.gradle/wrapper/dists/gradle-2.14.1-all/8bnwg5hd3w55iofp58khbp6yv/gradle-2.14.1/lib/plugins/xercesImpl-2.9.1.jar
7ff1e9e96000-7ff1e9e9e000 r--s 00028000 08:07 3700561                    /home/maulana/.gradle/wrapper/dists/gradle-2.14.1-all/8bnwg5hd3w55iofp58khbp6yv/gradle-2.14.1/lib/plugins/xml-apis-1.3.04.jar
7ff1e9e9e000-7ff1e9ea4000 r--s 0005b000 08:07 3700559                    /home/maulana/.gradle/wrapper/dists/gradle-2.14.1-all/8bnwg5hd3w55iofp58khbp6yv/gradle-2.14.1/lib/plugins/jcifs-1.3.17.jar
7ff1e9ea4000-7ff1e9eab000 r--s 00049000 08:07 3700558                    /home/maulana/.gradle/wrapper/dists/gradle-2.14.1-all/8bnwg5hd3w55iofp58khbp6yv/gradle-2.14.1/lib/plugins/httpcore-4.4.4.jar
7ff1e9eab000-7ff1e9eb1000 r--s 00033000 08:07 3700506                    /home/maulana/.gradle/wrapper/dists/gradle-2.14.1-all/8bnwg5hd3w55iofp58khbp6yv/gradle-2.14.1/lib/plugins/commons-codec-1.6.jar
7ff1e9eb1000-7ff1e9eb4000 r--s 0001c000 08:07 3700516                    /home/maulana/.gradle/wrapper/dists/gradle-2.14.1-all/8bnwg5hd3w55iofp58khbp6yv/gradle-2.14.1/lib/plugins/nekohtml-1.9.14.jar
7ff1e9eb4000-7ff1e9ec1000 r--s 000a4000 08:07 3700515                    /home/maulana/.gradle/wrapper/dists/gradle-2.14.1-all/8bnwg5hd3w55iofp58khbp6yv/gradle-2.14.1/lib/plugins/httpclient-4.4.1.jar
7ff1e9ec1000-7ff1e9ec3000 r--s 0000a000 08:07 3700488                    /home/maulana/.gradle/wrapper/dists/gradle-2.14.1-all/8bnwg5hd3w55iofp58khbp6yv/gradle-2.14.1/lib/plugins/gradle-resources-http-2.14.1.jar
7ff1e9ec3000-7ff1e9ec7000 r--s 00014000 08:07 3700487                    /home/maulana/.gradle/wrapper/dists/gradle-2.14.1-all/8bnwg5hd3w55iofp58khbp6yv/gradle-2.14.1/lib/plugins/gradle-plugin-use-2.14.1.jar
7ff1e9ec7000-7ff1e9ec8000 r--s 00000000 08:07 3700403                    /home/maulana/.gradle/wrapper/dists/gradle-2.14.1-all/8bnwg5hd3w55iofp58khbp6yv/gradle-2.14.1/lib/gradle-installation-beacon-2.14.1.jar
7ff1e9ec8000-7ff1e9ec9000 r--s 00007000 08:07 3700554                    /home/maulana/.gradle/wrapper/dists/gradle-2.14.1-all/8bnwg5hd3w55iofp58khbp6yv/gradle-2.14.1/lib/plugins/wagon-http-shared4-2.4.jar
7ff1e9ec9000-7ff1e9ecd000 r--s 00033000 08:07 3700553                    /home/maulana/.gradle/wrapper/dists/gradle-2.14.1-all/8bnwg5hd3w55iofp58khbp6yv/gradle-2.14.1/lib/plugins/plexus-utils-2.0.6.jar
7ff1e9ecd000-7ff1e9ed1000 r--s 00021000 08:07 3700552                    /home/maulana/.gradle/wrapper/dists/gradle-2.14.1-all/8bnwg5hd3w55iofp58khbp6yv/gradle-2.14.1/lib/plugins/maven-model-builder-3.0.4.jar
7ff1e9ed1000-7ff1e9ed2000 r--s 00002000 08:07 3700551                    /home/maulana/.gradle/wrapper/dists/gradle-2.14.1-all/8bnwg5hd3w55iofp58khbp6yv/gradle-2.14.1/lib/plugins/wagon-file-2.4.jar
7ff1e9ed2000-7ff1e9ed4000 r--s 00002000 08:07 3700550                    /home/maulana/.gradle/wrapper/dists/gradle-2.14.1-all/8bnwg5hd3w55iofp58khbp6yv/gradle-2.14.1/lib/plugins/plexus-cipher-1.7.jar
7ff1e9ed4000-7ff1e9ed7000 r--s 00013000 08:07 3700549                    /home/maulana/.gradle/wrapper/dists/gradle-2.14.1-all/8bnwg5hd3w55iofp58khbp6yv/gradle-2.14.1/lib/plugins/aether-api-1.13.1.jar
7ff1e9ed7000-7ff1e9ed9000 r--s 0000a000 08:07 3700548                    /home/maulana/.gradle/wrapper/dists/gradle-2.14.1-all/8bnwg5hd3w55iofp58khbp6yv/gradle-2.14.1/lib/plugins/maven-settings-3.0.4.jar
7ff1e9ed9000-7ff1e9edb000 r--s 0000d000 08:07 3700547                    /home/maulana/.gradle/wrapper/dists/gradle-2.14.1-all/8bnwg5hd3w55iofp58khbp6yv/gradle-2.14.1/lib/plugins/plexus-interpolation-1.14.jar
7ff1e9edb000-7ff1e9edd000 r--s 0000b000 08:07 3700546                    /home/maulana/.gradle/wrapper/dists/gradle-2.14.1-all/8bnwg5hd3w55iofp58khbp6yv/gradle-2.14.1/lib/plugins/maven-artifact-3.0.4.jar
7ff1e9edd000-7ff1e9ee4000 r--s 0002e000 08:07 3700545                    /home/maulana/.gradle/wrapper/dists/gradle-2.14.1-all/8bnwg5hd3w55iofp58khbp6yv/gradle-2.14.1/lib/plugins/plexus-container-default-1.5.5.jar
7ff1e9ee4000-7ff1e9ee6000 r--s 0000b000 08:07 3700544                    /home/maulana/.gradle/wrapper/dists/gradle-2.14.1-all/8bnwg5hd3w55iofp58khbp6yv/gradle-2.14.1/lib/plugins/maven-plugin-api-3.0.4.jar
7ff1e9ee6000-7ff1e9ee8000 r--s 00000000 08:07 3700562                    /home/maulana/.gradle/wrapper/dists/gradle-2.14.1-all/8bnwg5hd3w55iofp58khbp6yv/gradle-2.14.1/lib/plugins/plexus-component-annotations-1.5.5.jar
7ff1e9ee8000-7ff1e9eee000 r--s 0003f000 08:07 3700543                    /home/maulana/.gradle/wrapper/dists/gradle-2.14.1-all/8bnwg5hd3w55iofp58khbp6yv/gradle-2.14.1/lib/plugins/maven-compat-3.0.4.jar
7ff1e9eee000-7ff1e9ef1000 r--s 00008000 08:07 3700542                    /home/maulana/.gradle/wrapper/dists/gradle-2.14.1-all/8bnwg5hd3w55iofp58khbp6yv/gradle-2.14.1/lib/plugins/maven-settings-builder-3.0.4.jar
7ff1e9ef1000-7ff1e9ef2000 r--s 00002000 08:07 3700541                    /home/maulana/.gradle/wrapper/dists/gradle-2.14.1-all/8bnwg5hd3w55iofp58khbp6yv/gradle-2.14.1/lib/plugins/wagon-http-2.4.jar
7ff1e9ef2000-7ff1e9ef4000 r--s 00026000 08:07 3700540                    /home/maulana/.gradle/wrapper/dists/gradle-2.14.1-all/8bnwg5hd3w55iofp58khbp6yv/gradle-2.14.1/lib/plugins/maven-model-3.0.4.jar
7ff1e9ef4000-7ff1e9ef6000 r--s 00006000 08:07 3700539                    /home/maulana/.gradle/wrapper/dists/gradle-2.14.1-all/8bnwg5hd3w55iofp58khbp6yv/gradle-2.14.1/lib/plugins/aether-connector-wagon-1.13.1.jar
7ff1e9ef6000-7ff1e9ef8000 r--s 0000a000 08:07 3700538                    /home/maulana/.gradle/wrapper/dists/gradle-2.14.1-all/8bnwg5hd3w55iofp58khbp6yv/gradle-2.14.1/lib/plugins/plexus-classworlds-2.4.jar
7ff1e9ef8000-7ff1e9efa000 r--s 00006000 08:07 3700537                    /home/maulana/.gradle/wrapper/dists/gradle-2.14.1-all/8bnwg5hd3w55iofp58khbp6yv/gradle-2.14.1/lib/plugins/maven-repository-metadata-3.0.4.jar
7ff1e9efa000-7ff1e9efc000 r--s 0000c000 08:07 3700536                    /home/maulana/.gradle/wrapper/dists/gradle-2.14.1-all/8bnwg5hd3w55iofp58khbp6yv/gradle-2.14.1/lib/plugins/maven-aether-provider-3.0.4.jar
7ff1e9efc000-7ff1e9efe000 r--s 0000b000 08:07 3700535                    /home/maulana/.gradle/wrapper/dists/gradle-2.14.1-all/8bnwg5hd3w55iofp58khbp6yv/gradle-2.14.1/lib/plugins/wagon-provider-api-2.4.jar
7ff1e9efe000-7ff1e9eff000 r--s 00003000 08:07 3700534                    /home/maulana/.gradle/wrapper/dists/gradle-2.14.1-all/8bnwg5hd3w55iofp58khbp6yv/gradle-2.14.1/lib/plugins/aether-spi-1.13.1.jar
7ff1e9eff000-7ff1e9f03000 r--s 0001c000 08:07 3700533                    /home/maulana/.gradle/wrapper/dists/gradle-2.14.1-all/8bnwg5hd3w55iofp58khbp6yv/gradle-2.14.1/lib/plugins/aether-util-1.13.1.jar
7ff1e9f03000-7ff1e9f06000 r--s 0001d000 08:07 3700532                    /home/maulana/.gradle/wrapper/dists/gradle-2.14.1-all/8bnwg5hd3w55iofp58khbp6yv/gradle-2.14.1/lib/plugins/aether-impl-1.13.1.jar
7ff1e9f06000-7ff1e9f07000 r--s 00006000 08:07 3700531                    /home/maulana/.gradle/wrapper/dists/gradle-2.14.1-all/8bnwg5hd3w55iofp58khbp6yv/gradle-2.14.1/lib/plugins/plexus-sec-dispatcher-1.3.jar
7ff1e9f07000-7ff1e9f0c000 r--s 00040000 08:07 3700517                    /home/maulana/.gradle/wrapper/dists/gradle-2.14.1-all/8bnwg5hd3w55iofp58khbp6yv/gradle-2.14.1/lib/plugins/jsch-0.1.53.jar
7ff1e9f0c000-7ff1e9f4c000 r--s 00277000 08:07 3700527                    /home/maulana/.gradle/wrapper/dists/gradle-2.14.1-all/8bnwg5hd3w55iofp58khbp6yv/gradle-2.14.1/lib/plugins/bcprov-jdk15on-1.51.jar
7ff1e9f4c000-7ff1e9f58000 r--s 0007d000 08:07 3700503                    /home/maulana/.gradle/wrapper/dists/gradle-2.14.1-all/8bnwg5hd3w55iofp58khbp6yv/gradle-2.14.1/lib/plugins/maven-core-3.0.4.jar
7ff1e9f58000-7ff1e9f5d000 r--s 0002a000 08:07 3700510                    /home/maulana/.gradle/wrapper/dists/gradle-2.14.1-all/8bnwg5hd3w55iofp58khbp6yv/gradle-2.14.1/lib/plugins/gson-2.2.4.jar
7ff1e9f5d000-7ff1e9f79000 r--s 000d3000 08:07 3700492                    /home/maulana/.gradle/wrapper/dists/gradle-2.14.1-all/8bnwg5hd3w55iofp58khbp6yv/gradle-2.14.1/lib/plugins/gradle-dependency-management-2.14.1.jar
7ff1e9f79000-7ff1e9f82000 r-xp 00000000 08:07 538778                     /usr/lib/jvm/java-8-oracle/jre/lib/amd64/libmanagement.so
7ff1e9f82000-7ff1ea181000 ---p 00009000 08:07 538778                     /usr/lib/jvm/java-8-oracle/jre/lib/amd64/libmanagement.so
7ff1ea181000-7ff1ea182000 rw-p 00008000 08:07 538778                     /usr/lib/jvm/java-8-oracle/jre/lib/amd64/libmanagement.so
7ff1ea182000-7ff1ea197000 r-xp 00000000 08:07 1621963                    /tmp/jna2470351907525624100.tmp
7ff1ea197000-7ff1ea296000 ---p 00015000 08:07 1621963                    /tmp/jna2470351907525624100.tmp
7ff1ea296000-7ff1ea298000 rw-p 00014000 08:07 1621963                    /tmp/jna2470351907525624100.tmp
7ff1ea298000-7ff1ea2bd000 r-xp 00000000 08:07 2233083                    /lib/x86_64-linux-gnu/libtinfo.so.5.9
7ff1ea2bd000-7ff1ea4bc000 ---p 00025000 08:07 2233083                    /lib/x86_64-linux-gnu/libtinfo.so.5.9
7ff1ea4bc000-7ff1ea4c0000 r--p 00024000 08:07 2233083                    /lib/x86_64-linux-gnu/libtinfo.so.5.9
7ff1ea4c0000-7ff1ea4c1000 rw-p 00028000 08:07 2233083                    /lib/x86_64-linux-gnu/libtinfo.so.5.9
7ff1ea4c1000-7ff1ea4e3000 r-xp 00000000 08:07 2232993                    /lib/x86_64-linux-gnu/libncurses.so.5.9
7ff1ea4e3000-7ff1ea6e2000 ---p 00022000 08:07 2232993                    /lib/x86_64-linux-gnu/libncurses.so.5.9
7ff1ea6e2000-7ff1ea6e3000 r--p 00021000 08:07 2232993                    /lib/x86_64-linux-gnu/libncurses.so.5.9
7ff1ea6e3000-7ff1ea6e4000 rw-p 00022000 08:07 2232993                    /lib/x86_64-linux-gnu/libncurses.so.5.9
7ff1ea6e4000-7ff1ea6e7000 r-xp 00000000 08:07 1858531                    /home/maulana/.gradle/native/19/linux-amd64/libnative-platform-curses.so
7ff1ea6e7000-7ff1ea8e7000 ---p 00003000 08:07 1858531                    /home/maulana/.gradle/native/19/linux-amd64/libnative-platform-curses.so
7ff1ea8e7000-7ff1ea8e8000 rw-p 00003000 08:07 1858531                    /home/maulana/.gradle/native/19/linux-amd64/libnative-platform-curses.so
7ff1ea8e8000-7ff1ea8fe000 r-xp 00000000 08:07 2232964                    /lib/x86_64-linux-gnu/libgcc_s.so.1
7ff1ea8fe000-7ff1eaafd000 ---p 00016000 08:07 2232964                    /lib/x86_64-linux-gnu/libgcc_s.so.1
7ff1eaafd000-7ff1eaafe000 rw-p 00015000 08:07 2232964                    /lib/x86_64-linux-gnu/libgcc_s.so.1
7ff1eaafe000-7ff1eabe4000 r-xp 00000000 08:07 271759                     /usr/lib/x86_64-linux-gnu/libstdc++.so.6.0.19
7ff1eabe4000-7ff1eade3000 ---p 000e6000 08:07 271759                     /usr/lib/x86_64-linux-gnu/libstdc++.so.6.0.19
7ff1eade3000-7ff1eadeb000 r--p 000e5000 08:07 271759                     /usr/lib/x86_64-linux-gnu/libstdc++.so.6.0.19
7ff1eadeb000-7ff1eaded000 rw-p 000ed000 08:07 271759                     /usr/lib/x86_64-linux-gnu/libstdc++.so.6.0.19
7ff1eaded000-7ff1eae02000 rw-p 00000000 00:00 0 
7ff1eae02000-7ff1eae06000 r--s 0001d000 08:07 3700526                    /home/maulana/.gradle/wrapper/dists/gradle-2.14.1-all/8bnwg5hd3w55iofp58khbp6yv/gradle-2.14.1/lib/plugins/xbean-reflect-3.4.jar
7ff1eae06000-7ff1eae15000 r--s 000d9000 08:07 3700525                    /home/maulana/.gradle/wrapper/dists/gradle-2.14.1-all/8bnwg5hd3w55iofp58khbp6yv/gradle-2.14.1/lib/plugins/ivy-2.2.0.jar
7ff1eae15000-7ff1eae1c000 r--s 00000000 08:07 535799                     /usr/lib/x86_64-linux-gnu/gconv/gconv-modules.cache
7ff1eae1c000-7ff1eae20000 r-xp 00000000 08:07 1857812                    /home/maulana/.gradle/native/19/linux-amd64/libnative-platform.so
7ff1eae20000-7ff1eb01f000 ---p 00004000 08:07 1857812                    /home/maulana/.gradle/native/19/linux-amd64/libnative-platform.so
7ff1eb01f000-7ff1eb020000 rw-p 00003000 08:07 1857812                    /home/maulana/.gradle/native/19/linux-amd64/libnative-platform.so
7ff1eb020000-7ff1eb022000 r--s 00005000 08:07 3700402                    /home/maulana/.gradle/wrapper/dists/gradle-2.14.1-all/8bnwg5hd3w55iofp58khbp6yv/gradle-2.14.1/lib/gradle-wrapper-2.14.1.jar
7ff1eb022000-7ff1eb030000 r--s 0004f000 08:07 3700409                    /home/maulana/.gradle/wrapper/dists/gradle-2.14.1-all/8bnwg5hd3w55iofp58khbp6yv/gradle-2.14.1/lib/gradle-tooling-api-2.14.1.jar
7ff1eb030000-7ff1eb032000 r--s 00002000 08:07 3700429                    /home/maulana/.gradle/wrapper/dists/gradle-2.14.1-all/8bnwg5hd3w55iofp58khbp6yv/gradle-2.14.1/lib/gradle-open-api-2.14.1.jar
7ff1eb032000-7ff1eb038000 r--s 00032000 08:07 3700431                    /home/maulana/.gradle/wrapper/dists/gradle-2.14.1-all/8bnwg5hd3w55iofp58khbp6yv/gradle-2.14.1/lib/jaxen-1.1.jar
7ff1eb038000-7ff1eb03d000 r--s 00048000 08:07 3700430                    /home/maulana/.gradle/wrapper/dists/gradle-2.14.1-all/8bnwg5hd3w55iofp58khbp6yv/gradle-2.14.1/lib/dom4j-1.6.1.jar
7ff1eb03d000-7ff1eb048000 r--s 00059000 08:07 3700408                    /home/maulana/.gradle/wrapper/dists/gradle-2.14.1-all/8bnwg5hd3w55iofp58khbp6yv/gradle-2.14.1/lib/gradle-ui-2.14.1.jar
7ff1eb048000-7ff1eb04b000 r--s 0000b000 08:07 3700427                    /home/maulana/.gradle/wrapper/dists/gradle-2.14.1-all/8bnwg5hd3w55iofp58khbp6yv/gradle-2.14.1/lib/gradle-resources-2.14.1.jar
7ff1eb04b000-7ff1eb04d000 r--s 00003000 08:07 3700439                    /home/maulana/.gradle/wrapper/dists/gradle-2.14.1-all/8bnwg5hd3w55iofp58khbp6yv/gradle-2.14.1/lib/jcl-over-slf4j-1.7.10.jar
7ff1eb04d000-7ff1eb04e000 r--s 00005000 08:07 3700438                    /home/maulana/.gradle/wrapper/dists/gradle-2.14.1-all/8bnwg5hd3w55iofp58khbp6yv/gradle-2.14.1/lib/log4j-over-slf4j-1.7.10.jar
7ff1eb04e000-7ff1eb050000 r--s 00000000 08:07 3700437                    /home/maulana/.gradle/wrapper/dists/gradle-2.14.1-all/8bnwg5hd3w55iofp58khbp6yv/gradle-2.14.1/lib/jul-to-slf4j-1.7.10.jar
7ff1eb050000-7ff1eb055000 r--s 0001c000 08:07 3700426                    /home/maulana/.gradle/wrapper/dists/gradle-2.14.1-all/8bnwg5hd3w55iofp58khbp6yv/gradle-2.14.1/lib/gradle-logging-2.14.1.jar
7ff1eb055000-7ff1eb057000 r--s 00007000 08:07 3700450                    /home/maulana/.gradle/wrapper/dists/gradle-2.14.1-all/8bnwg5hd3w55iofp58khbp6yv/gradle-2.14.1/lib/objenesis-1.2.jar
7ff1eb057000-7ff1eb059000 r--s 00000000 08:07 3700449                    /home/maulana/.gradle/wrapper/dists/gradle-2.14.1-all/8bnwg5hd3w55iofp58khbp6yv/gradle-2.14.1/lib/minlog-1.2.jar
7ff1eb059000-7ff1eb05b000 r--s 0000f000 08:07 3700448                    /home/maulana/.gradle/wrapper/dists/gradle-2.14.1-all/8bnwg5hd3w55iofp58khbp6yv/gradle-2.14.1/lib/reflectasm-1.07-shaded.jar
7ff1eb05b000-7ff1eb05f000 r--s 00026000 08:07 3700436                    /home/maulana/.gradle/wrapper/dists/gradle-2.14.1-all/8bnwg5hd3w55iofp58khbp6yv/gradle-2.14.1/lib/kryo-2.20.jar
7ff1eb05f000-7ff1eb065000 r--s 00025000 08:07 3700425                    /home/maulana/.gradle/wrapper/dists/gradle-2.14.1-all/8bnwg5hd3w55iofp58khbp6yv/gradle-2.14.1/lib/gradle-messaging-2.14.1.jar
7ff1eb065000-7ff1eb066000 r--s 00003000 08:07 3700447                    /home/maulana/.gradle/wrapper/dists/gradle-2.14.1-all/8bnwg5hd3w55iofp58khbp6yv/gradle-2.14.1/lib/native-platform-freebsd-amd64-0.10.jar
7ff1eb066000-7ff1eb067000 r--s 00003000 08:07 3700446                    /home/maulana/.gradle/wrapper/dists/gradle-2.14.1-all/8bnwg5hd3w55iofp58khbp6yv/gradle-2.14.1/lib/native-platform-freebsd-i386-0.10.jar
7ff1eb067000-7ff1eb068000 r--s 00005000 08:07 3700445                    /home/maulana/.gradle/wrapper/dists/gradle-2.14.1-all/8bnwg5hd3w55iofp58khbp6yv/gradle-2.14.1/lib/native-platform-windows-i386-0.10.jar
7ff1eb068000-7ff1eb069000 r--s 00005000 08:07 3700444                    /home/maulana/.gradle/wrapper/dists/gradle-2.14.1-all/8bnwg5hd3w55iofp58khbp6yv/gradle-2.14.1/lib/native-platform-windows-amd64-0.10.jar
7ff1eb069000-7ff1eb06a000 r--s 00003000 08:07 3700443                    /home/maulana/.gradle/wrapper/dists/gradle-2.14.1-all/8bnwg5hd3w55iofp58khbp6yv/gradle-2.14.1/lib/native-platform-linux-i386-0.10.jar
7ff1eb06a000-7ff1eb06b000 r--s 00003000 08:07 3700442                    /home/maulana/.gradle/wrapper/dists/gradle-2.14.1-all/8bnwg5hd3w55iofp58khbp6yv/gradle-2.14.1/lib/native-platform-linux-amd64-0.10.jar
7ff1eb06b000-7ff1eb06c000 r--s 00002000 08:07 3700441                    /home/maulana/.gradle/wrapper/dists/gradle-2.14.1-all/8bnwg5hd3w55iofp58khbp6yv/gradle-2.14.1/lib/native-platform-osx-amd64-0.10.jar
7ff1eb06c000-7ff1eb06d000 r--s 00002000 08:07 3700440                    /home/maulana/.gradle/wrapper/dists/gradle-2.14.1-all/8bnwg5hd3w55iofp58khbp6yv/gradle-2.14.1/lib/native-platform-osx-i386-0.10.jar
7ff1eb06d000-7ff1eb06f000 r--s 00008000 08:07 3700434                    /home/maulana/.gradle/wrapper/dists/gradle-2.14.1-all/8bnwg5hd3w55iofp58khbp6yv/gradle-2.14.1/lib/jansi-1.2.1.jar
7ff1eb06f000-7ff1eb073000 r--s 000e4000 08:07 3700432                    /home/maulana/.gradle/wrapper/dists/gradle-2.14.1-all/8bnwg5hd3w55iofp58khbp6yv/gradle-2.14.1/lib/jna-3.2.7.jar
7ff1eb073000-7ff1eb082000 r--s 00080000 08:07 3700416                    /home/maulana/.gradle/wrapper/dists/gradle-2.14.1-all/8bnwg5hd3w55iofp58khbp6yv/gradle-2.14.1/lib/gradle-model-core-2.14.1.jar
7ff1eb082000-7ff1eb0f1000 r--s 0063e000 08:07 3700415                    /home/maulana/.gradle/wrapper/dists/gradle-2.14.1-all/8bnwg5hd3w55iofp58khbp6yv/gradle-2.14.1/lib/groovy-all-2.4.4.jar
7ff1eb0f1000-7ff1eb102000 r-xp 00000000 08:07 538748                     /usr/lib/jvm/java-8-oracle/jre/lib/amd64/libnio.so
7ff1eb102000-7ff1eb301000 ---p 00011000 08:07 538748                     /usr/lib/jvm/java-8-oracle/jre/lib/amd64/libnio.so
7ff1eb301000-7ff1eb302000 rw-p 00010000 08:07 538748                     /usr/lib/jvm/java-8-oracle/jre/lib/amd64/libnio.so
7ff1eb302000-7ff1eb318000 r-xp 00000000 08:07 538774                     /usr/lib/jvm/java-8-oracle/jre/lib/amd64/libnet.so
7ff1eb318000-7ff1eb518000 ---p 00016000 08:07 538774                     /usr/lib/jvm/java-8-oracle/jre/lib/amd64/libnet.so
7ff1eb518000-7ff1eb519000 rw-p 00016000 08:07 538774                     /usr/lib/jvm/java-8-oracle/jre/lib/amd64/libnet.so
7ff1eb519000-7ff1eb51a000 ---p 00000000 00:00 0 
7ff1eb51a000-7ff1eb61a000 rw-p 00000000 00:00 0 
7ff1eb61a000-7ff1eb61d000 ---p 00000000 00:00 0 
7ff1eb61d000-7ff1eb71b000 rw-p 00000000 00:00 0 
7ff1eb71b000-7ff1eb71e000 ---p 00000000 00:00 0 
7ff1eb71e000-7ff1eb81c000 rw-p 00000000 00:00 0 
7ff1eb81c000-7ff1eb81f000 ---p 00000000 00:00 0 
7ff1eb81f000-7ff1eb91d000 rw-p 00000000 00:00 0 
7ff1eb91d000-7ff1ec000000 r--p 00000000 08:07 269742                     /usr/lib/locale/locale-archive
7ff1ec000000-7ff1ec021000 rw-p 00000000 00:00 0 
7ff1ec021000-7ff1f0000000 ---p 00000000 00:00 0 
7ff1f0000000-7ff1f0003000 r--s 0000d000 08:07 3700433                    /home/maulana/.gradle/wrapper/dists/gradle-2.14.1-all/8bnwg5hd3w55iofp58khbp6yv/gradle-2.14.1/lib/native-platform-0.10.jar
7ff1f0003000-7ff1f0005000 r--s 00009000 08:07 3700410                    /home/maulana/.gradle/wrapper/dists/gradle-2.14.1-all/8bnwg5hd3w55iofp58khbp6yv/gradle-2.14.1/lib/gradle-native-2.14.1.jar
7ff1f0005000-7ff1f0007000 r--s 00005000 08:07 3700407                    /home/maulana/.gradle/wrapper/dists/gradle-2.14.1-all/8bnwg5hd3w55iofp58khbp6yv/gradle-2.14.1/lib/gradle-cli-2.14.1.jar
7ff1f0007000-7ff1f0009000 r--s 00007000 08:07 3700417                    /home/maulana/.gradle/wrapper/dists/gradle-2.14.1-all/8bnwg5hd3w55iofp58khbp6yv/gradle-2.14.1/lib/gradle-model-groovy-2.14.1.jar
7ff1f0009000-7ff1f000a000 r--s 00006000 08:07 3700424                    /home/maulana/.gradle/wrapper/dists/gradle-2.14.1-all/8bnwg5hd3w55iofp58khbp6yv/gradle-2.14.1/lib/gradle-base-services-groovy-2.14.1.jar
7ff1f000a000-7ff1f000b000 r--s 00002000 08:07 3700428                    /home/maulana/.gradle/wrapper/dists/gradle-2.14.1-all/8bnwg5hd3w55iofp58khbp6yv/gradle-2.14.1/lib/gradle-docs-2.14.1.jar
7ff1f000b000-7ff1f000f000 r--s 00027000 08:07 3700421                    /home/maulana/.gradle/wrapper/dists/gradle-2.14.1-all/8bnwg5hd3w55iofp58khbp6yv/gradle-2.14.1/lib/commons-io-2.2.jar
7ff1f000f000-7ff1f001c000 r--s 00083000 08:07 3700420                    /home/maulana/.gradle/wrapper/dists/gradle-2.14.1-all/8bnwg5hd3w55iofp58khbp6yv/gradle-2.14.1/lib/commons-collections-3.2.2.jar
7ff1f001c000-7ff1f0021000 r--s 00038000 08:07 3700418                    /home/maulana/.gradle/wrapper/dists/gradle-2.14.1-all/8bnwg5hd3w55iofp58khbp6yv/gradle-2.14.1/lib/asm-all-5.1.jar
7ff1f0021000-7ff1f0049000 r--s 001cf000 08:07 3700412                    /home/maulana/.gradle/wrapper/dists/gradle-2.14.1-all/8bnwg5hd3w55iofp58khbp6yv/gradle-2.14.1/lib/guava-jdk5-17.0.jar
7ff1f0049000-7ff1f0068000 r--s 001d1000 08:07 3700419                    /home/maulana/.gradle/wrapper/dists/gradle-2.14.1-all/8bnwg5hd3w55iofp58khbp6yv/gradle-2.14.1/lib/ant-1.9.6.jar
7ff1f0068000-7ff1f009f000 r--s 001bd000 08:07 3700406                    /home/maulana/.gradle/wrapper/dists/gradle-2.14.1-all/8bnwg5hd3w55iofp58khbp6yv/gradle-2.14.1/lib/gradle-core-2.14.1.jar
7ff1f009f000-7ff1f00d0000 rw-p 00000000 00:00 0 
7ff1f00d0000-7ff1f00d3000 ---p 00000000 00:00 0 
7ff1f00d3000-7ff1f01d1000 rw-p 00000000 00:00 0 
7ff1f01d1000-7ff1f01d4000 ---p 00000000 00:00 0 
7ff1f01d4000-7ff1f02d2000 rw-p 00000000 00:00 0 
7ff1f02d2000-7ff1f02d5000 ---p 00000000 00:00 0 
7ff1f02d5000-7ff1f03d3000 rw-p 00000000 00:00 0 
7ff1f03d3000-7ff1f03d6000 ---p 00000000 00:00 0 
7ff1f03d6000-7ff1f04d4000 rw-p 00000000 00:00 0 
7ff1f04d4000-7ff1f04d5000 ---p 00000000 00:00 0 
7ff1f04d5000-7ff1f1000000 rw-p 00000000 00:00 0 
7ff1f1000000-7ff1f1550000 rwxp 00000000 00:00 0 
7ff1f1550000-7ff200000000 ---p 00000000 00:00 0 
7ff200000000-7ff201e9e000 rw-p 00000000 00:00 0 
7ff201e9e000-7ff204000000 ---p 00000000 00:00 0 
7ff204000000-7ff204001000 r--s 00000000 08:07 3700423                    /home/maulana/.gradle/wrapper/dists/gradle-2.14.1-all/8bnwg5hd3w55iofp58khbp6yv/gradle-2.14.1/lib/javax.inject-1.jar
7ff204001000-7ff2045b8000 rw-p 00000000 00:00 0 
7ff2045b8000-7ff204791000 r--s 03d3e000 08:07 538840                     /usr/lib/jvm/java-8-oracle/jre/lib/rt.jar
7ff204791000-7ff2053d4000 rw-p 00000000 00:00 0 
7ff2053d4000-7ff2053d5000 ---p 00000000 00:00 0 
7ff2053d5000-7ff2054d5000 rw-p 00000000 00:00 0 
7ff2054d5000-7ff2054d6000 ---p 00000000 00:00 0 
7ff2054d6000-7ff2055d6000 rw-p 00000000 00:00 0 
7ff2055d6000-7ff2055d7000 ---p 00000000 00:00 0 
7ff2055d7000-7ff2056d7000 rw-p 00000000 00:00 0 
7ff2056d7000-7ff2056d8000 ---p 00000000 00:00 0 
7ff2056d8000-7ff205801000 rw-p 00000000 00:00 0 
7ff205801000-7ff205a61000 ---p 00000000 00:00 0 
7ff205a61000-7ff205a8a000 rw-p 00000000 00:00 0 
7ff205a8a000-7ff205ce9000 ---p 00000000 00:00 0 
7ff205ce9000-7ff205d2c000 rw-p 00000000 00:00 0 
7ff205d2c000-7ff205e2e000 ---p 00000000 00:00 0 
7ff205e2e000-7ff205e45000 rw-p 00000000 00:00 0 
7ff205e45000-7ff2061ef000 ---p 00000000 00:00 0 
7ff2061ef000-7ff206209000 r-xp 00000000 08:07 538770                     /usr/lib/jvm/java-8-oracle/jre/lib/amd64/libzip.so
7ff206209000-7ff206409000 ---p 0001a000 08:07 538770                     /usr/lib/jvm/java-8-oracle/jre/lib/amd64/libzip.so
7ff206409000-7ff20640a000 rw-p 0001a000 08:07 538770                     /usr/lib/jvm/java-8-oracle/jre/lib/amd64/libzip.so
7ff20640a000-7ff206414000 r-xp 00000000 08:07 2236035                    /lib/x86_64-linux-gnu/libnss_files-2.19.so
7ff206414000-7ff206613000 ---p 0000a000 08:07 2236035                    /lib/x86_64-linux-gnu/libnss_files-2.19.so
7ff206613000-7ff206614000 r--p 00009000 08:07 2236035                    /lib/x86_64-linux-gnu/libnss_files-2.19.so
7ff206614000-7ff206615000 rw-p 0000a000 08:07 2236035                    /lib/x86_64-linux-gnu/libnss_files-2.19.so
7ff206615000-7ff206620000 r-xp 00000000 08:07 2236020                    /lib/x86_64-linux-gnu/libnss_nis-2.19.so
7ff206620000-7ff20681f000 ---p 0000b000 08:07 2236020                    /lib/x86_64-linux-gnu/libnss_nis-2.19.so
7ff20681f000-7ff206820000 r--p 0000a000 08:07 2236020                    /lib/x86_64-linux-gnu/libnss_nis-2.19.so
7ff206820000-7ff206821000 rw-p 0000b000 08:07 2236020                    /lib/x86_64-linux-gnu/libnss_nis-2.19.so
7ff206821000-7ff206838000 r-xp 00000000 08:07 2236029                    /lib/x86_64-linux-gnu/libnsl-2.19.so
7ff206838000-7ff206a37000 ---p 00017000 08:07 2236029                    /lib/x86_64-linux-gnu/libnsl-2.19.so
7ff206a37000-7ff206a38000 r--p 00016000 08:07 2236029                    /lib/x86_64-linux-gnu/libnsl-2.19.so
7ff206a38000-7ff206a39000 rw-p 00017000 08:07 2236029                    /lib/x86_64-linux-gnu/libnsl-2.19.so
7ff206a39000-7ff206a3b000 rw-p 00000000 00:00 0 
7ff206a3b000-7ff206a44000 r-xp 00000000 08:07 2236027                    /lib/x86_64-linux-gnu/libnss_compat-2.19.so
7ff206a44000-7ff206c43000 ---p 00009000 08:07 2236027                    /lib/x86_64-linux-gnu/libnss_compat-2.19.so
7ff206c43000-7ff206c44000 r--p 00008000 08:07 2236027                    /lib/x86_64-linux-gnu/libnss_compat-2.19.so
7ff206c44000-7ff206c45000 rw-p 00009000 08:07 2236027                    /lib/x86_64-linux-gnu/libnss_compat-2.19.so
7ff206c45000-7ff206c70000 r-xp 00000000 08:07 538784                     /usr/lib/jvm/java-8-oracle/jre/lib/amd64/libjava.so
7ff206c70000-7ff206e6f000 ---p 0002b000 08:07 538784                     /usr/lib/jvm/java-8-oracle/jre/lib/amd64/libjava.so
7ff206e6f000-7ff206e71000 rw-p 0002a000 08:07 538784                     /usr/lib/jvm/java-8-oracle/jre/lib/amd64/libjava.so
7ff206e71000-7ff206e7e000 r-xp 00000000 08:07 538802                     /usr/lib/jvm/java-8-oracle/jre/lib/amd64/libverify.so
7ff206e7e000-7ff20707d000 ---p 0000d000 08:07 538802                     /usr/lib/jvm/java-8-oracle/jre/lib/amd64/libverify.so
7ff20707d000-7ff20707f000 rw-p 0000c000 08:07 538802                     /usr/lib/jvm/java-8-oracle/jre/lib/amd64/libverify.so
7ff20707f000-7ff207086000 r-xp 00000000 08:07 2236017                    /lib/x86_64-linux-gnu/librt-2.19.so
7ff207086000-7ff207285000 ---p 00007000 08:07 2236017                    /lib/x86_64-linux-gnu/librt-2.19.so
7ff207285000-7ff207286000 r--p 00006000 08:07 2236017                    /lib/x86_64-linux-gnu/librt-2.19.so
7ff207286000-7ff207287000 rw-p 00007000 08:07 2236017                    /lib/x86_64-linux-gnu/librt-2.19.so
7ff207287000-7ff20738c000 r-xp 00000000 08:07 2236030                    /lib/x86_64-linux-gnu/libm-2.19.so
7ff20738c000-7ff20758b000 ---p 00105000 08:07 2236030                    /lib/x86_64-linux-gnu/libm-2.19.so
7ff20758b000-7ff20758c000 r--p 00104000 08:07 2236030                    /lib/x86_64-linux-gnu/libm-2.19.so
7ff20758c000-7ff20758d000 rw-p 00105000 08:07 2236030                    /lib/x86_64-linux-gnu/libm-2.19.so
7ff20758d000-7ff20825b000 r-xp 00000000 08:07 538790                     /usr/lib/jvm/java-8-oracle/jre/lib/amd64/server/libjvm.so
7ff20825b000-7ff20845b000 ---p 00cce000 08:07 538790                     /usr/lib/jvm/java-8-oracle/jre/lib/amd64/server/libjvm.so
7ff20845b000-7ff208534000 rw-p 00cce000 08:07 538790                     /usr/lib/jvm/java-8-oracle/jre/lib/amd64/server/libjvm.so
7ff208534000-7ff20857f000 rw-p 00000000 00:00 0 
7ff20857f000-7ff20873d000 r-xp 00000000 08:07 2236026                    /lib/x86_64-linux-gnu/libc-2.19.so
7ff20873d000-7ff20893c000 ---p 001be000 08:07 2236026                    /lib/x86_64-linux-gnu/libc-2.19.so
7ff20893c000-7ff208940000 r--p 001bd000 08:07 2236026                    /lib/x86_64-linux-gnu/libc-2.19.so
7ff208940000-7ff208942000 rw-p 001c1000 08:07 2236026                    /lib/x86_64-linux-gnu/libc-2.19.so
7ff208942000-7ff208947000 rw-p 00000000 00:00 0 
7ff208947000-7ff20894a000 r-xp 00000000 08:07 2236036                    /lib/x86_64-linux-gnu/libdl-2.19.so
7ff20894a000-7ff208b49000 ---p 00003000 08:07 2236036                    /lib/x86_64-linux-gnu/libdl-2.19.so
7ff208b49000-7ff208b4a000 r--p 00002000 08:07 2236036                    /lib/x86_64-linux-gnu/libdl-2.19.so
7ff208b4a000-7ff208b4b000 rw-p 00003000 08:07 2236036                    /lib/x86_64-linux-gnu/libdl-2.19.so
7ff208b4b000-7ff208b60000 r-xp 00000000 08:07 536993                     /usr/lib/jvm/java-8-oracle/lib/amd64/jli/libjli.so
7ff208b60000-7ff208d60000 ---p 00015000 08:07 536993                     /usr/lib/jvm/java-8-oracle/lib/amd64/jli/libjli.so
7ff208d60000-7ff208d61000 rw-p 00015000 08:07 536993                     /usr/lib/jvm/java-8-oracle/lib/amd64/jli/libjli.so
7ff208d61000-7ff208d7a000 r-xp 00000000 08:07 2236037                    /lib/x86_64-linux-gnu/libpthread-2.19.so
7ff208d7a000-7ff208f79000 ---p 00019000 08:07 2236037                    /lib/x86_64-linux-gnu/libpthread-2.19.so
7ff208f79000-7ff208f7a000 r--p 00018000 08:07 2236037                    /lib/x86_64-linux-gnu/libpthread-2.19.so
7ff208f7a000-7ff208f7b000 rw-p 00019000 08:07 2236037                    /lib/x86_64-linux-gnu/libpthread-2.19.so
7ff208f7b000-7ff208f7f000 rw-p 00000000 00:00 0 
7ff208f7f000-7ff208fa2000 r-xp 00000000 08:07 2236034                    /lib/x86_64-linux-gnu/ld-2.19.so
7ff208fa2000-7ff208fa3000 r--s 00000000 08:07 3700422                    /home/maulana/.gradle/wrapper/dists/gradle-2.14.1-all/8bnwg5hd3w55iofp58khbp6yv/gradle-2.14.1/lib/jcip-annotations-1.0.jar
7ff208fa3000-7ff208fa4000 r--s 00001000 08:07 3700414                    /home/maulana/.gradle/wrapper/dists/gradle-2.14.1-all/8bnwg5hd3w55iofp58khbp6yv/gradle-2.14.1/lib/gradle-process-services-2.14.1.jar
7ff208fa4000-7ff208fa5000 r--s 00000000 08:07 3700405                    /home/maulana/.gradle/wrapper/dists/gradle-2.14.1-all/8bnwg5hd3w55iofp58khbp6yv/gradle-2.14.1/lib/gradle-jvm-services-2.14.1.jar
7ff208fa5000-7ff208faa000 r--s 00041000 08:07 3700413                    /home/maulana/.gradle/wrapper/dists/gradle-2.14.1-all/8bnwg5hd3w55iofp58khbp6yv/gradle-2.14.1/lib/commons-lang-2.6.jar
7ff208faa000-7ff208fb5000 r--s 00051000 08:07 3700401                    /home/maulana/.gradle/wrapper/dists/gradle-2.14.1-all/8bnwg5hd3w55iofp58khbp6yv/gradle-2.14.1/lib/gradle-launcher-2.14.1.jar
7ff208fb5000-7ff209080000 rw-p 00000000 00:00 0 
7ff209080000-7ff209083000 ---p 00000000 00:00 0 
7ff209083000-7ff209185000 rw-p 00000000 00:00 0 
7ff209185000-7ff209186000 r--s 00007000 08:07 3700411                    /home/maulana/.gradle/wrapper/dists/gradle-2.14.1-all/8bnwg5hd3w55iofp58khbp6yv/gradle-2.14.1/lib/slf4j-api-1.7.10.jar
7ff209186000-7ff209187000 r--s 00004000 08:07 3700435                    /home/maulana/.gradle/wrapper/dists/gradle-2.14.1-all/8bnwg5hd3w55iofp58khbp6yv/gradle-2.14.1/lib/ant-launcher-1.9.6.jar
7ff209187000-7ff20918f000 r--s 0003a000 08:07 3700404                    /home/maulana/.gradle/wrapper/dists/gradle-2.14.1-all/8bnwg5hd3w55iofp58khbp6yv/gradle-2.14.1/lib/gradle-base-services-2.14.1.jar
7ff20918f000-7ff209193000 r--s 0009a000 08:07 538644                     /usr/lib/jvm/java-8-oracle/jre/lib/jsse.jar
7ff209193000-7ff209195000 r--s 0000b000 08:07 3740211                    /home/maulana/Desktop/react-rumah/pixie/android/gradle/wrapper/gradle-wrapper.jar
7ff209195000-7ff20919d000 rw-s 00000000 08:07 1621962                    /tmp/hsperfdata_maulana/5516
7ff20919d000-7ff20919e000 rw-p 00000000 00:00 0 
7ff20919e000-7ff20919f000 ---p 00000000 00:00 0 
7ff20919f000-7ff2091a1000 rw-p 00000000 00:00 0 
7ff2091a1000-7ff2091a2000 r--p 00022000 08:07 2236034                    /lib/x86_64-linux-gnu/ld-2.19.so
7ff2091a2000-7ff2091a3000 rw-p 00023000 08:07 2236034                    /lib/x86_64-linux-gnu/ld-2.19.so
7ff2091a3000-7ff2091a4000 rw-p 00000000 00:00 0 
7ffcf9e23000-7ffcf9e45000 rw-p 00000000 00:00 0                          [stack]
7ffcf9fa2000-7ffcf9fa4000 r--p 00000000 00:00 0                          [vvar]
7ffcf9fa4000-7ffcf9fa6000 r-xp 00000000 00:00 0                          [vdso]
ffffffffff600000-ffffffffff601000 r-xp 00000000 00:00 0                  [vsyscall]

VM Arguments:
jvm_args: -Dorg.gradle.appname=gradlew 
java_command: org.gradle.wrapper.GradleWrapperMain installDebug
java_class_path (initial): /home/maulana/Desktop/react-rumah/pixie/android/gradle/wrapper/gradle-wrapper.jar
Launcher Type: SUN_STANDARD

Environment Variables:
JAVA_HOME=/usr/lib/jvm/java-8-oracle/
PATH=/usr/local/heroku/bin:/home/maulana/.local/bin:/usr/local/sbin:/usr/local/bin:/usr/sbin:/usr/bin:/sbin:/bin:/usr/games:/usr/local/games:/usr/lib/jvm/java-8-oracle/bin:/usr/lib/jvm/java-8-oracle/db/bin:/usr/lib/jvm/java-8-oracle/jre/bin:/home/maulana/bin:/usr/lib/jvm/java-8-oracle//bin:/home/maulana/Android/Sdk/tools:/home/maulana/Android/Sdk/platform-tools
SHELL=/bin/bash
DISPLAY=:0

Signal Handlers:
SIGSEGV: [libjvm.so+0xac78c0], sa_mask[0]=11111111011111111101111111111110, sa_flags=SA_RESTART|SA_SIGINFO
SIGBUS: [libjvm.so+0xac78c0], sa_mask[0]=11111111011111111101111111111110, sa_flags=SA_RESTART|SA_SIGINFO
SIGFPE: [libjvm.so+0x920ac0], sa_mask[0]=11111111011111111101111111111110, sa_flags=SA_RESTART|SA_SIGINFO
SIGPIPE: [libjvm.so+0x920ac0], sa_mask[0]=11111111011111111101111111111110, sa_flags=SA_RESTART|SA_SIGINFO
SIGXFSZ: [libjvm.so+0x920ac0], sa_mask[0]=11111111011111111101111111111110, sa_flags=SA_RESTART|SA_SIGINFO
SIGILL: [libjvm.so+0x920ac0], sa_mask[0]=11111111011111111101111111111110, sa_flags=SA_RESTART|SA_SIGINFO
SIGUSR1: SIG_DFL, sa_mask[0]=00000000000000000000000000000000, sa_flags=none
SIGUSR2: [libjvm.so+0x922300], sa_mask[0]=00000000000000000000000000000000, sa_flags=SA_RESTART|SA_SIGINFO
SIGHUP: [libjvm.so+0x923700], sa_mask[0]=11111111011111111101111111111110, sa_flags=SA_RESTART|SA_SIGINFO
SIGINT: [libjvm.so+0x923700], sa_mask[0]=11111111011111111101111111111110, sa_flags=SA_RESTART|SA_SIGINFO
SIGTERM: [libjvm.so+0x923700], sa_mask[0]=11111111011111111101111111111110, sa_flags=SA_RESTART|SA_SIGINFO
SIGQUIT: [libjvm.so+0x923700], sa_mask[0]=11111111011111111101111111111110, sa_flags=SA_RESTART|SA_SIGINFO


---------------  S Y S T E M  ---------------

OS:DISTRIB_ID=Ubuntu
DISTRIB_RELEASE=14.04
DISTRIB_CODENAME=trusty
DISTRIB_DESCRIPTION="Ubuntu 14.04.5 LTS"

uname:Linux 4.4.0-75-generic #96~14.04.1-Ubuntu SMP Thu Apr 20 11:06:30 UTC 2017 x86_64
libc:glibc 2.19 NPTL 2.19 
rlimit: STACK 8192k, CORE 0k, NPROC 31019, NOFILE 4096, AS infinity
load average:1,17 0,87 0,57

/proc/meminfo:
MemTotal:        7966412 kB
MemFree:         2389880 kB
MemAvailable:    3507376 kB
Buffers:          252424 kB
Cached:          1899724 kB
SwapCached:            0 kB
Active:          3727448 kB
Inactive:        1574620 kB
Active(anon):    3175360 kB
Inactive(anon):   837484 kB
Active(file):     552088 kB
Inactive(file):   737136 kB
Unevictable:         168 kB
Mlocked:             168 kB
SwapTotal:      10741756 kB
SwapFree:       10741756 kB
Dirty:               924 kB
Writeback:             0 kB
AnonPages:       3150268 kB
Mapped:           984820 kB
Shmem:            862928 kB
Slab:             138156 kB
SReclaimable:      98500 kB
SUnreclaim:        39656 kB
KernelStack:       13280 kB
PageTables:        58376 kB
NFS_Unstable:          0 kB
Bounce:                0 kB
WritebackTmp:          0 kB
CommitLimit:    14724960 kB
Committed_AS:   11394824 kB
VmallocTotal:   34359738367 kB
VmallocUsed:           0 kB
VmallocChunk:          0 kB
HardwareCorrupted:     0 kB
AnonHugePages:    903168 kB
CmaTotal:              0 kB
CmaFree:               0 kB
HugePages_Total:       0
HugePages_Free:        0
HugePages_Rsvd:        0
HugePages_Surp:        0
Hugepagesize:       2048 kB
DirectMap4k:      184376 kB
DirectMap2M:     7995392 kB


CPU:total 4 (2 cores per cpu, 2 threads per core) family 6 model 37 stepping 5, cmov, cx8, fxsr, mmx, sse, sse2, sse3, ssse3, sse4.1, sse4.2, popcnt, aes, clmul, ht, tsc, tscinvbit

/proc/cpuinfo:
processor	: 0
vendor_id	: GenuineIntel
cpu family	: 6
model		: 37
model name	: Intel(R) Core(TM) i5 CPU       M 520  @ 2.40GHz
stepping	: 5
microcode	: 0x2
cpu MHz		: 2400.000
cache size	: 3072 KB
physical id	: 0
siblings	: 4
core id		: 0
cpu cores	: 2
apicid		: 0
initial apicid	: 0
fpu		: yes
fpu_exception	: yes
cpuid level	: 11
wp		: yes
flags		: fpu vme de pse tsc msr pae mce cx8 apic sep mtrr pge mca cmov pat pse36 clflush dts acpi mmx fxsr sse sse2 ss ht tm pbe syscall nx rdtscp lm constant_tsc arch_perfmon pebs bts rep_good nopl xtopology nonstop_tsc aperfmperf pni pclmulqdq dtes64 monitor ds_cpl vmx smx est tm2 ssse3 cx16 xtpr pdcm pcid sse4_1 sse4_2 popcnt aes lahf_lm tpr_shadow vnmi flexpriority ept vpid dtherm ida arat
bugs		:
bogomips	: 4788.20
clflush size	: 64
cache_alignment	: 64
address sizes	: 36 bits physical, 48 bits virtual
power management:

processor	: 1
vendor_id	: GenuineIntel
cpu family	: 6
model		: 37
model name	: Intel(R) Core(TM) i5 CPU       M 520  @ 2.40GHz
stepping	: 5
microcode	: 0x2
cpu MHz		: 2400.000
cache size	: 3072 KB
physical id	: 0
siblings	: 4
core id		: 0
cpu cores	: 2
apicid		: 1
initial apicid	: 1
fpu		: yes
fpu_exception	: yes
cpuid level	: 11
wp		: yes
flags		: fpu vme de pse tsc msr pae mce cx8 apic sep mtrr pge mca cmov pat pse36 clflush dts acpi mmx fxsr sse sse2 ss ht tm pbe syscall nx rdtscp lm constant_tsc arch_perfmon pebs bts rep_good nopl xtopology nonstop_tsc aperfmperf pni pclmulqdq dtes64 monitor ds_cpl vmx smx est tm2 ssse3 cx16 xtpr pdcm pcid sse4_1 sse4_2 popcnt aes lahf_lm tpr_shadow vnmi flexpriority ept vpid dtherm ida arat
bugs		:
bogomips	: 4788.20
clflush size	: 64
cache_alignment	: 64
address sizes	: 36 bits physical, 48 bits virtual
power management:

processor	: 2
vendor_id	: GenuineIntel
cpu family	: 6
model		: 37
model name	: Intel(R) Core(TM) i5 CPU       M 520  @ 2.40GHz
stepping	: 5
microcode	: 0x2
cpu MHz		: 2400.000
cache size	: 3072 KB
physical id	: 0
siblings	: 4
core id		: 2
cpu cores	: 2
apicid		: 4
initial apicid	: 4
fpu		: yes
fpu_exception	: yes
cpuid level	: 11
wp		: yes
flags		: fpu vme de pse tsc msr pae mce cx8 apic sep mtrr pge mca cmov pat pse36 clflush dts acpi mmx fxsr sse sse2 ss ht tm pbe syscall nx rdtscp lm constant_tsc arch_perfmon pebs bts rep_good nopl xtopology nonstop_tsc aperfmperf pni pclmulqdq dtes64 monitor ds_cpl vmx smx est tm2 ssse3 cx16 xtpr pdcm pcid sse4_1 sse4_2 popcnt aes lahf_lm tpr_shadow vnmi flexpriority ept vpid dtherm ida arat
bugs		:
bogomips	: 4788.20
clflush size	: 64
cache_alignment	: 64
address sizes	: 36 bits physical, 48 bits virtual
power management:

processor	: 3
vendor_id	: GenuineIntel
cpu family	: 6
model		: 37
model name	: Intel(R) Core(TM) i5 CPU       M 520  @ 2.40GHz
stepping	: 5
microcode	: 0x2
cpu MHz		: 2400.000
cache size	: 3072 KB
physical id	: 0
siblings	: 4
core id		: 2
cpu cores	: 2
apicid		: 5
initial apicid	: 5
fpu		: yes
fpu_exception	: yes
cpuid level	: 11
wp		: yes
flags		: fpu vme de pse tsc msr pae mce cx8 apic sep mtrr pge mca cmov pat pse36 clflush dts acpi mmx fxsr sse sse2 ss ht tm pbe syscall nx rdtscp lm constant_tsc arch_perfmon pebs bts rep_good nopl xtopology nonstop_tsc aperfmperf pni pclmulqdq dtes64 monitor ds_cpl vmx smx est tm2 ssse3 cx16 xtpr pdcm pcid sse4_1 sse4_2 popcnt aes lahf_lm tpr_shadow vnmi flexpriority ept vpid dtherm ida arat
bugs		:
bogomips	: 4788.20
clflush size	: 64
cache_alignment	: 64
address sizes	: 36 bits physical, 48 bits virtual
power management:



Memory: 4k page, physical 7966412k(2389880k free), swap 10741756k(10741756k free)

vm_info: Java HotSpot(TM) 64-Bit Server VM (25.121-b13) for linux-amd64 JRE (1.8.0_121-b13), built on Dec 12 2016 16:36:53 by "java_re" with gcc 4.3.0 20080428 (Red Hat 4.3.0-8)

time: Tue May 30 20:04:19 2017
elapsed time: 3 seconds (0d 0h 0m 3s)

